/mnt/c/test/result/freesurfer/chris_t1_2/mri
/usr/local/freesurfer/bin/talairach_avi
--i orig_nu.mgz --xfm transforms/talairach.auto.xfm
talairach_avi 7.1.0
Linux 4d012f885482 5.15.153.1-microsoft-standard-WSL2 #1 SMP Fri Mar 29 23:14:13 UTC 2024 x86_64 x86_64 x86_64 GNU/Linux
Fri Oct  4 10:49:47 UTC 2024
mri_convert orig_nu.mgz talsrcimg.img 
reading from orig_nu.mgz...
TR=0.00, TE=0.00, TI=0.00, flip angle=0.00
i_ras = (-1, 0, 0)
j_ras = (0, 0, -1)
k_ras = (0, 1, 0)
writing to talsrcimg.img...
Analyze Output Matrix
-1.00000   0.00000   0.00000   128.60001;
 0.00000   0.00000   1.00000  -134.48001;
 0.00000  -1.00000   0.00000   135.48000;
 0.00000   0.00000   0.00000   1.00000;
--------------------
INFO: set hdr.hist.orient to -1
mpr2mni305 talsrcimg
Fri Oct  4 10:49:50 UTC 2024
/usr/local/freesurfer/bin/mpr2mni305 talsrcimg
mpr2mni305 7.1.0
target=711-2C_as_mni_average_305

---------------------------------------------------------------------
analyzeto4dfp talsrcimg -O0 -y
---------------------------------------------------------------------

freesurfer ifh2hdr.c
Fri Oct  4 10:49:50 2024
Writing: talsrcimg.4dfp.hdr
freesurfer analyzeto4dfp.c
Reading: talsrcimg.hdr
header size 348 bytes
hdr.dime.datatype	offset=70	value=2
hdr.dime.bitpix		offset=72	value=8
hdr.hist.orient		offset=252	value=-1
dimensionality     4
dimensions       256       256       256         1
Reading: talsrcimg.img
Writing: talsrcimg.4dfp.img
Writing: talsrcimg.4dfp.ifh
ifh2hdr talsrcimg -r0to255
ori=2

---------------------------------------------------------------------
gauss_4dfp talsrcimg 1.1
---------------------------------------------------------------------

freesurfer gauss_4dfp.c
Reading: talsrcimg.4dfp.img
Writing: talsrcimg_g11.4dfp.img
image dimensions 256 256 256 padded to 288 288 288
processing volume 1freesurfer ifh2hdr.c
Fri Oct  4 10:49:54 2024
Writing: talsrcimg_g11.4dfp.hdr

Writing: talsrcimg_g11.4dfp.ifh
including: talsrcimg.4dfp.img.rec in talsrcimg_g11.4dfp.img.rec

---------------------------------------------------------------------
imgreg_4dfp /usr/local/freesurfer/average/711-2C_as_mni_average_305 none talsrcimg_g11 none talsrcimg_to_711-2C_as_mni_average_305_t4 4355
---------------------------------------------------------------------

freesurfer imgreg_4dfp.c
/usr/local/freesurfer/average/711-2C_as_mni_average_305.4dfp.img
       256       256       256         1
  1.000000  1.000000  1.000000
orientation T byte_order littleendian
Reading image: /usr/local/freesurfer/average/711-2C_as_mni_average_305.4dfp.img
dimensions:      256       256       256
mmppix:       1.0000   -1.0000   -1.0000
center:     128.0000 -129.0000 -129.0000
talsrcimg_g11.4dfp.img
       256       256       256         1
  1.000000  1.000000  1.000000
orientation T byte_order littleendian
Reading image: talsrcimg_g11.4dfp.img
dimensions:      256       256       256
mmppix:       1.0000   -1.0000   -1.0000
center:     128.0000 -129.0000 -129.0000
t4_read: open error in t4_sub.f l:  41 t4_file(1:l)talsrcimg_to_711-2C_as_mni_average_305_t4 
t4_read: transform initialized to I4
rotation matrix determinant  1.000000
image alignment mode   4355 decimal     1103 hex
   -7.5000  -45.0000  -45.0000 9082.9990   12.1103
    0.0000  -45.0000  -45.0000 9532.9238   12.1295
    7.5000  -45.0000  -45.0000 9089.4658   12.1292
   -7.5000  -37.5000  -45.0000 9561.4922   12.0963
    0.0000  -37.5000  -45.000010046.3564   12.1169
    7.5000  -37.5000  -45.0000 9547.6523   12.1158
   -7.5000  -30.0000  -45.000010329.1982   12.1777
    0.0000  -30.0000  -45.000010865.5771   12.1982
    7.5000  -30.0000  -45.000010300.9863   12.1931
   -7.5000  -22.5000  -45.000010969.7188   12.2721
    0.0000  -22.5000  -45.000011509.4580   12.2906
    7.5000  -22.5000  -45.000010913.9727   12.2833
   -7.5000  -15.0000  -45.000011561.8789   12.2804
    0.0000  -15.0000  -45.000012160.3428   12.2974
    7.5000  -15.0000  -45.000011486.1035   12.2914
   -7.5000   -7.5000  -45.000012255.2773   12.2002
    0.0000   -7.5000  -45.000012887.6533   12.2178
    7.5000   -7.5000  -45.000012175.2520   12.2147
   -7.5000    0.0000  -45.000012734.8018   12.1103
    0.0000    0.0000  -45.000013393.3545   12.1295
    7.5000    0.0000  -45.000012627.9531   12.1292
   -7.5000    7.5000  -45.000011916.2627   12.0963
    0.0000    7.5000  -45.000012536.6436   12.1169
    7.5000    7.5000  -45.000011826.8730   12.1158
   -7.5000   15.0000  -45.000011087.3076   12.1777
    0.0000   15.0000  -45.000011657.0283   12.1982
    7.5000   15.0000  -45.000011016.1250   12.1931
   -7.5000   22.5000  -45.000010128.6318   12.2705
    0.0000   22.5000  -45.000010644.8525   12.2889
    7.5000   22.5000  -45.000010092.5352   12.2816
   -7.5000   30.0000  -45.0000 9154.7422   12.1168
    0.0000   30.0000  -45.0000 9581.7471   12.1335
    7.5000   30.0000  -45.0000 9110.1484   12.1276
   -7.5000   37.5000  -45.0000 8624.9170   12.0376
    0.0000   37.5000  -45.0000 9001.8174   12.0550
    7.5000   37.5000  -45.0000 8560.8438   12.0520
   -7.5000   45.0000  -45.0000 7819.6426   11.6457
    0.0000   45.0000  -45.0000 8138.7197   11.6642
    7.5000   45.0000  -45.0000 7776.0986   11.6639
   -7.5000  -45.0000  -37.5000 9655.2676   11.9993
    0.0000  -45.0000  -37.500010143.5518   12.0149
    7.5000  -45.0000  -37.5000 9643.0127   12.0210
   -7.5000  -37.5000  -37.500010162.1289   11.9826
    0.0000  -37.5000  -37.500010668.1348   12.0007
    7.5000  -37.5000  -37.500010139.8311   12.0059
   -7.5000  -30.0000  -37.500010963.9082   12.0643
    0.0000  -30.0000  -37.500011520.5039   12.0826
    7.5000  -30.0000  -37.500010926.3467   12.0829
   -7.5000  -22.5000  -37.500011625.2402   12.1622
    0.0000  -22.5000  -37.500012221.0938   12.1779
    7.5000  -22.5000  -37.500011573.2852   12.1749
   -7.5000  -15.0000  -37.500012278.8516   12.1739
    0.0000  -15.0000  -37.500012919.7666   12.1872
    7.5000  -15.0000  -37.500012196.4844   12.1851
   -7.5000   -7.5000  -37.500012968.9775   12.0927
    0.0000   -7.5000  -37.500013669.6250   12.1062
    7.5000   -7.5000  -37.500012885.8857   12.1084
   -7.5000    0.0000  -37.500013423.8936   11.9993
    0.0000    0.0000  -37.500014140.4150   12.0149
    7.5000    0.0000  -37.500013315.3047   12.0210
   -7.5000    7.5000  -37.500012550.3535   11.9826
    0.0000    7.5000  -37.500013227.3867   12.0007
    7.5000    7.5000  -37.500012459.0947   12.0059
   -7.5000   15.0000  -37.500011669.5264   12.0643
    0.0000   15.0000  -37.500012290.1230   12.0826
    7.5000   15.0000  -37.500011599.9189   12.0829
   -7.5000   22.5000  -37.500010648.2998   12.1606
    0.0000   22.5000  -37.500011233.3232   12.1763
    7.5000   22.5000  -37.500010608.4717   12.1732
   -7.5000   30.0000  -37.5000 9596.1064   12.0116
    0.0000   30.0000  -37.500010080.2998   12.0247
    7.5000   30.0000  -37.5000 9558.6553   12.0228
   -7.5000   37.5000  -37.5000 8996.7305   11.9315
    0.0000   37.5000  -37.5000 9427.7656   11.9448
    7.5000   37.5000  -37.5000 8941.7607   11.9471
   -7.5000   45.0000  -37.5000 8164.0718   11.5389
    0.0000   45.0000  -37.5000 8529.6816   11.5539
    7.5000   45.0000  -37.5000 8112.3872   11.5598
   -7.5000  -45.0000  -30.000010439.6885   12.4820
    0.0000  -45.0000  -30.000010936.1973   12.4916
    7.5000  -45.0000  -30.000010411.6201   12.5068
   -7.5000  -37.5000  -30.000010969.2676   12.4633
    0.0000  -37.5000  -30.000011489.1318   12.4756
    7.5000  -37.5000  -30.000010932.3320   12.4876
   -7.5000  -30.0000  -30.000011818.8926   12.5461
    0.0000  -30.0000  -30.000012406.2705   12.5589
    7.5000  -30.0000  -30.000011776.5674   12.5643
   -7.5000  -22.5000  -30.000012519.8965   12.6480
    0.0000  -22.5000  -30.000013152.5469   12.6583
    7.5000  -22.5000  -30.000012466.9248   12.6602
   -7.5000  -15.0000  -30.000013226.3828   12.6616
    0.0000  -15.0000  -30.000013900.4580   12.6690
    7.5000  -15.0000  -30.000013139.5771   12.6738
   -7.5000   -7.5000  -30.000013942.2109   12.5785
    0.0000   -7.5000  -30.000014712.8320   12.5859
    7.5000   -7.5000  -30.000013846.3682   12.5973
   -7.5000    0.0000  -30.000014364.5820   12.4820
    0.0000    0.0000  -30.000015172.6172   12.4916
    7.5000    0.0000  -30.000014249.4014   12.5068
   -7.5000    7.5000  -30.000013405.7861   12.4633
    0.0000    7.5000  -30.000014160.3447   12.4756
    7.5000    7.5000  -30.000013329.2012   12.4876
   -7.5000   15.0000  -30.000012453.8584   12.5461
    0.0000   15.0000  -30.000013131.1572   12.5589
    7.5000   15.0000  -30.000012399.7852   12.5643
   -7.5000   22.5000  -30.000011360.7881   12.6450
    0.0000   22.5000  -30.000011975.7842   12.6553
    7.5000   22.5000  -30.000011305.7129   12.6572
   -7.5000   30.0000  -30.000010210.1855   12.4941
    0.0000   30.0000  -30.000010752.1426   12.5014
    7.5000   30.0000  -30.000010176.8574   12.5061
   -7.5000   37.5000  -30.0000 9565.0938   12.4120
    0.0000   37.5000  -30.000010047.8447   12.4193
    7.5000   37.5000  -30.0000 9535.5605   12.4306
   -7.5000   45.0000  -30.0000 8639.9766   12.0119
    0.0000   45.0000  -30.0000 9052.3125   12.0212
    7.5000   45.0000  -30.0000 8604.5391   12.0358
   -7.5000  -45.0000  -22.500011193.1602   12.9145
    0.0000  -45.0000  -22.500011713.7578   12.9222
    7.5000  -45.0000  -22.500011169.8506   12.9408
   -7.5000  -37.5000  -22.500011768.0938   12.8967
    0.0000  -37.5000  -22.500012325.3867   12.9058
    7.5000  -37.5000  -22.500011736.1768   12.9191
   -7.5000  -30.0000  -22.500012691.0918   12.9782
    0.0000  -30.0000  -22.500013296.1562   12.9877
    7.5000  -30.0000  -22.500012656.2705   12.9931
   -7.5000  -22.5000  -22.500013428.6416   13.0783
    0.0000  -22.5000  -22.500014097.3438   13.0861
    7.5000  -22.5000  -22.500013381.7725   13.0890
   -7.5000  -15.0000  -22.500014149.6045   13.0902
    0.0000  -15.0000  -22.500014883.3916   13.0957
    7.5000  -15.0000  -22.500014062.5908   13.1039
   -7.5000   -7.5000  -22.500014930.4805   13.0080
    0.0000   -7.5000  -22.500015751.8311   13.0139
    7.5000   -7.5000  -22.500014820.3213   13.0297
   -7.5000    0.0000  -22.500015349.3467   12.9145
    0.0000    0.0000  -22.500016206.7539   12.9222
    7.5000    0.0000  -22.500015241.0410   12.9408
   -7.5000    7.5000  -22.500014313.0723   12.8967
    0.0000    7.5000  -22.500015107.0615   12.9058
    7.5000    7.5000  -22.500014250.1387   12.9191
   -7.5000   15.0000  -22.500013261.8076   12.9782
    0.0000   15.0000  -22.500013995.5361   12.9877
    7.5000   15.0000  -22.500013197.9512   12.9931
   -7.5000   22.5000  -22.500012078.1006   13.0742
    0.0000   22.5000  -22.500012731.5176   13.0821
    7.5000   22.5000  -22.500012029.3672   13.0850
   -7.5000   30.0000  -22.500010840.9473   12.9190
    0.0000   30.0000  -22.500011423.1426   12.9244
    7.5000   30.0000  -22.500010814.7334   12.9325
   -7.5000   37.5000  -22.500010123.6670   12.8378
    0.0000   37.5000  -22.500010658.2744   12.8437
    7.5000   37.5000  -22.500010107.7598   12.8593
   -7.5000   45.0000  -22.5000 9126.2070   12.4375
    0.0000   45.0000  -22.5000 9568.7275   12.4450
    7.5000   45.0000  -22.5000 9086.0342   12.4628
   -7.5000  -45.0000  -15.000011956.3652   13.2298
    0.0000  -45.0000  -15.000012488.3057   13.2398
    7.5000  -45.0000  -15.000011931.7861   13.2535
   -7.5000  -37.5000  -15.000012572.8867   13.2142
    0.0000  -37.5000  -15.000013162.6143   13.2246
    7.5000  -37.5000  -15.000012537.7344   13.2331
   -7.5000  -30.0000  -15.000013592.1357   13.2961
    0.0000  -30.0000  -15.000014205.9746   13.3069
    7.5000  -30.0000  -15.000013551.2480   13.3079
   -7.5000  -22.5000  -15.000014412.0762   13.3939
    0.0000  -22.5000  -15.000015071.4893   13.4037
    7.5000  -22.5000  -15.000014354.0000   13.4031
   -7.5000  -15.0000  -15.000015105.9414   13.4025
    0.0000  -15.0000  -15.000015847.5820   13.4108
    7.5000  -15.0000  -15.000015021.2676   13.4160
   -7.5000   -7.5000  -15.000015911.4141   13.3205
    0.0000   -7.5000  -15.000016748.1914   13.3293
    7.5000   -7.5000  -15.000015804.5293   13.3412
   -7.5000    0.0000  -15.000016349.2910   13.2298
    0.0000    0.0000  -15.000017204.1660   13.2398
    7.5000    0.0000  -15.000016227.0244   13.2535
   -7.5000    7.5000  -15.000015206.1270   13.2142
    0.0000    7.5000  -15.000016031.1240   13.2246
    7.5000    7.5000  -15.000015129.7715   13.2331
   -7.5000   15.0000  -15.000014062.8652   13.2961
    0.0000   15.0000  -15.000014800.0117   13.3069
    7.5000   15.0000  -15.000013996.6699   13.3079
   -7.5000   22.5000  -15.000012809.8555   13.3891
    0.0000   22.5000  -15.000013467.2803   13.3990
    7.5000   22.5000  -15.000012769.2178   13.3984
   -7.5000   30.0000  -15.000011510.2402   13.2291
    0.0000   30.0000  -15.000012112.9619   13.2373
    7.5000   30.0000  -15.000011469.0957   13.2423
   -7.5000   37.5000  -15.000010719.4863   13.1481
    0.0000   37.5000  -15.000011304.7295   13.1568
    7.5000   37.5000  -15.000010703.4209   13.1686
   -7.5000   45.0000  -15.0000 9642.5107   12.7489
    0.0000   45.0000  -15.000010152.7197   12.7585
    7.5000   45.0000  -15.0000 9613.1865   12.7717
   -7.5000  -45.0000   -7.500012756.4238   13.3842
    0.0000  -45.0000   -7.500013333.8047   13.3996
    7.5000  -45.0000   -7.500012726.2158   13.4034
   -7.5000  -37.5000   -7.500013395.5713   13.3701
    0.0000  -37.5000   -7.500013996.4424   13.3862
    7.5000  -37.5000   -7.500013339.7900   13.3872
   -7.5000  -30.0000   -7.500014505.7832   13.4565
    0.0000  -30.0000   -7.500015153.7412   13.4727
    7.5000  -30.0000   -7.500014433.5312   13.4682
   -7.5000  -22.5000   -7.500015456.3975   13.5561
    0.0000  -22.5000   -7.500016159.8555   13.5709
    7.5000  -22.5000   -7.500015387.3467   13.5650
   -7.5000  -15.0000   -7.500016235.8535   13.5631
    0.0000  -15.0000   -7.500016981.6445   13.5766
    7.5000  -15.0000   -7.500016136.0156   13.5743
   -7.5000   -7.5000   -7.500017045.6484   13.4778
    0.0000   -7.5000   -7.500017805.0547   13.4920
    7.5000   -7.5000   -7.500016930.9590   13.4939
   -7.5000    0.0000   -7.500017468.8203   13.3842
    0.0000    0.0000   -7.500018236.6152   13.3996
    7.5000    0.0000   -7.500017304.5801   13.4034
   -7.5000    7.5000   -7.500016199.6807   13.3701
    0.0000    7.5000   -7.500016965.5723   13.3862
    7.5000    7.5000   -7.500016085.8408   13.3872
   -7.5000   15.0000   -7.500014945.0322   13.4565
    0.0000   15.0000   -7.500015679.8555   13.4727
    7.5000   15.0000   -7.500014851.4883   13.4682
   -7.5000   22.5000   -7.500013617.4463   13.5498
    0.0000   22.5000   -7.500014308.0156   13.5646
    7.5000   22.5000   -7.500013533.1035   13.5588
   -7.5000   30.0000   -7.500012245.5078   13.3872
    0.0000   30.0000   -7.500012883.0879   13.4005
    7.5000   30.0000   -7.500012181.0850   13.3983
   -7.5000   37.5000   -7.500011410.9541   13.3030
    0.0000   37.5000   -7.500012026.8721   13.3170
    7.5000   37.5000   -7.500011372.1934   13.3189
   -7.5000   45.0000   -7.500010250.2529   12.9001
    0.0000   45.0000   -7.500010785.5234   12.9149
    7.5000   45.0000   -7.500010195.1865   12.9186
   -7.5000  -45.0000    0.000013414.2500   13.4061
    0.0000  -45.0000    0.000014084.6357   13.4243
    7.5000  -45.0000    0.000013392.1084   13.4242
   -7.5000  -37.5000    0.000014086.2930   13.3907
    0.0000  -37.5000    0.000014734.0303   13.4106
    7.5000  -37.5000    0.000014031.8389   13.4097
   -7.5000  -30.0000    0.000015231.6816   13.4815
    0.0000  -30.0000    0.000015913.8252   13.5014
    7.5000  -30.0000    0.000015158.7979   13.4961
   -7.5000  -22.5000    0.000016325.8184   13.5865
    0.0000  -22.5000    0.000017173.6699   13.6041
    7.5000  -22.5000    0.000016237.9502   13.5964
   -7.5000  -15.0000    0.000017439.6914   13.5957
    0.0000  -15.0000    0.000018330.5781   13.6115
    7.5000  -15.0000    0.000017294.9297   13.6050
   -7.5000   -7.5000    0.000018422.5918   13.5062
    0.0000   -7.5000    0.000019230.1680   13.5226
    7.5000   -7.5000    0.000018216.3438   13.5193
   -7.5000    0.0000    0.000018739.8359   13.4061
    0.0000    0.0000    0.000019511.7754   13.4243
    7.5000    0.0000    0.000018446.1973   13.4242
   -7.5000    7.5000    0.000017209.0000   13.3907
    0.0000    7.5000    0.000017980.5625   13.4106
    7.5000    7.5000    0.000016989.4551   13.4097
   -7.5000   15.0000    0.000015793.1543   13.4815
    0.0000   15.0000    0.000016543.8711   13.5014
    7.5000   15.0000    0.000015610.0645   13.4961
   -7.5000   22.5000    0.000014349.3457   13.5803
    0.0000   22.5000    0.000015078.6826   13.5979
    7.5000   22.5000    0.000014202.2021   13.5901
   -7.5000   30.0000    0.000012878.5723   13.4197
    0.0000   30.0000    0.000013572.8428   13.4353
    7.5000   30.0000    0.000012772.9395   13.4289
   -7.5000   37.5000    0.000011995.9502   13.3314
    0.0000   37.5000    0.000012650.2461   13.3476
    7.5000   37.5000    0.000011909.3672   13.3444
   -7.5000   45.0000    0.000010779.6807   12.9222
    0.0000   45.0000    0.000011327.0654   12.9397
    7.5000   45.0000    0.000010677.4805   12.9396
   -7.5000  -45.0000    7.500013059.4707   13.3990
    0.0000  -45.0000    7.500013659.9424   13.4144
    7.5000  -45.0000    7.500013044.6992   13.4213
   -7.5000  -37.5000    7.500013720.7705   13.3804
    0.0000  -37.5000    7.500014368.0713   13.3986
    7.5000  -37.5000    7.500013673.5771   13.4045
   -7.5000  -30.0000    7.500014817.1064   13.4720
    0.0000  -30.0000    7.500015574.8438   13.4907
    7.5000  -30.0000    7.500014743.4492   13.4911
   -7.5000  -22.5000    7.500015913.1299   13.5819
    0.0000  -22.5000    7.500016946.5332   13.5977
    7.5000  -22.5000    7.500015788.1953   13.5943
   -7.5000  -15.0000    7.500017083.5566   13.5949
    0.0000  -15.0000    7.500018245.6504   13.6079
    7.5000  -15.0000    7.500016912.2109   13.6056
   -7.5000   -7.5000    7.500018151.1543   13.5038
    0.0000   -7.5000    7.500019363.9766   13.5169
    7.5000   -7.5000    7.500017951.8750   13.5194
   -7.5000    0.0000    7.500018443.3359   13.3990
    0.0000    0.0000    7.500019567.6777   13.4144
    7.5000    0.0000    7.500018107.1016   13.4213
   -7.5000    7.5000    7.500016814.4941   13.3804
    0.0000    7.5000    7.500017770.9746   13.3986
    7.5000    7.5000    7.500016551.7598   13.4045
   -7.5000   15.0000    7.500015347.0820   13.4720
    0.0000   15.0000    7.500016140.5996   13.4907
    7.5000   15.0000    7.500015161.4971   13.4911
   -7.5000   22.5000    7.500013925.4404   13.5756
    0.0000   22.5000    7.500014592.7578   13.5914
    7.5000   22.5000    7.500013771.5664   13.5880
   -7.5000   30.0000    7.500012511.5488   13.4190
    0.0000   30.0000    7.500013121.9639   13.4318
    7.5000   30.0000    7.500012408.4805   13.4295
   -7.5000   37.5000    7.500011660.5127   13.3290
    0.0000   37.5000    7.500012236.8174   13.3420
    7.5000   37.5000    7.500011562.0264   13.3445
   -7.5000   45.0000    7.500010454.9072   12.9153
    0.0000   45.0000    7.500010954.8584   12.9302
    7.5000   45.0000    7.500010359.4170   12.9368
   -7.5000  -45.0000   15.000012504.0576   13.3962
    0.0000  -45.0000   15.000013164.0137   13.4067
    7.5000  -45.0000   15.000012504.0137   13.4230
   -7.5000  -37.5000   15.000013131.8867   13.3763
    0.0000  -37.5000   15.000013821.3965   13.3895
    7.5000  -37.5000   15.000013098.4219   13.4025
   -7.5000  -30.0000   15.000014213.0508   13.4653
    0.0000  -30.0000   15.000014988.4375   13.4792
    7.5000  -30.0000   15.000014140.0527   13.4850
   -7.5000  -22.5000   15.000015231.1367   13.5748
    0.0000  -22.5000   15.000016117.1143   13.5859
    7.5000  -22.5000   15.000015144.0859   13.5880
   -7.5000  -15.0000   15.000016138.0918   13.5893
    0.0000  -15.0000   15.000017005.6895   13.5972
    7.5000  -15.0000   15.000016055.9395   13.6024
   -7.5000   -7.5000   15.000017098.3301   13.4998
    0.0000   -7.5000   15.000018041.1133   13.5079
    7.5000   -7.5000   15.000016979.9102   13.5201
   -7.5000    0.0000   15.000017443.4238   13.3962
    0.0000    0.0000   15.000018377.7344   13.4067
    7.5000    0.0000   15.000017198.3711   13.4230
   -7.5000    7.5000   15.000016016.7979   13.3763
    0.0000    7.5000   15.000016872.8477   13.3895
    7.5000    7.5000   15.000015818.6855   13.4025
   -7.5000   15.0000   15.000014626.2676   13.4653
    0.0000   15.0000   15.000015361.2646   13.4792
    7.5000   15.0000   15.000014485.4512   13.4850
   -7.5000   22.5000   15.000013264.3428   13.5685
    0.0000   22.5000   15.000013861.0020   13.5796
    7.5000   22.5000   15.000013156.6523   13.5817
   -7.5000   30.0000   15.000011941.8408   13.4134
    0.0000   30.0000   15.000012496.2607   13.4213
    7.5000   30.0000   15.000011876.0889   13.4264
   -7.5000   37.5000   15.000011126.9238   13.3251
    0.0000   37.5000   15.000011650.4912   13.3330
    7.5000   37.5000   15.000011049.0791   13.3451
   -7.5000   45.0000   15.0000 9951.9590   12.9126
    0.0000   45.0000   15.000010406.3223   12.9227
    7.5000   45.0000   15.0000 9884.6299   12.9384
   -7.5000  -45.0000   22.500011824.7295   13.4170
    0.0000  -45.0000   22.500012424.9844   13.4249
    7.5000  -45.0000   22.500011837.4453   13.4438
   -7.5000  -37.5000   22.500012406.1445   13.3985
    0.0000  -37.5000   22.500012987.0176   13.4079
    7.5000  -37.5000   22.500012398.3857   13.4214
   -7.5000  -30.0000   22.500013396.9893   13.4834
    0.0000  -30.0000   22.500014022.2500   13.4931
    7.5000  -30.0000   22.500013364.0166   13.4984
   -7.5000  -22.5000   22.500014259.0000   13.5875
    0.0000  -22.5000   22.500014908.1387   13.5955
    7.5000  -22.5000   22.500014223.9307   13.5983
   -7.5000  -15.0000   22.500015023.3467   13.5999
    0.0000  -15.0000   22.500015647.7236   13.6054
    7.5000  -15.0000   22.500014990.6055   13.6137
   -7.5000   -7.5000   22.500015879.3564   13.5143
    0.0000   -7.5000   22.500016561.7012   13.5202
    7.5000   -7.5000   22.500015831.7041   13.5365
   -7.5000    0.0000   22.500016172.8389   13.4170
    0.0000    0.0000   22.500016895.5801   13.4249
    7.5000    0.0000   22.500016047.1064   13.4438
   -7.5000    7.5000   22.500014932.4189   13.3985
    0.0000    7.5000   22.500015610.0146   13.4079
    7.5000    7.5000   22.500014822.1123   13.4214
   -7.5000   15.0000   22.500013694.1777   13.4834
    0.0000   15.0000   22.500014307.5449   13.4931
    7.5000   15.0000   22.500013612.0029   13.4984
   -7.5000   22.5000   22.500012439.2559   13.5812
    0.0000   22.5000   22.500012985.4209   13.5892
    7.5000   22.5000   22.500012366.1875   13.5920
   -7.5000   30.0000   22.500011233.3379   13.4239
    0.0000   30.0000   22.500011736.3896   13.4294
    7.5000   30.0000   22.500011169.0449   13.4375
   -7.5000   37.5000   22.500010454.0908   13.3394
    0.0000   37.5000   22.500010922.5391   13.3453
    7.5000   37.5000   22.500010389.2783   13.3613
   -7.5000   45.0000   22.5000 9346.5449   12.9327
    0.0000   45.0000   22.5000 9749.0107   12.9403
    7.5000   45.0000   22.5000 9281.3145   12.9585
   -7.5000  -45.0000   30.000011023.1816   13.5575
    0.0000  -45.0000   30.000011519.2373   13.5683
    7.5000  -45.0000   30.000011030.8291   13.5831
   -7.5000  -37.5000   30.000011552.8428   13.5418
    0.0000  -37.5000   30.000012075.1582   13.5530
    7.5000  -37.5000   30.000011556.8916   13.5624
   -7.5000  -30.0000   30.000012436.1914   13.6268
    0.0000  -30.0000   30.000012997.4434   13.6383
    7.5000  -30.0000   30.000012448.4141   13.6400
   -7.5000  -22.5000   30.000013190.3955   13.7276
    0.0000  -22.5000   30.000013774.4746   13.7382
    7.5000  -22.5000   30.000013193.3447   13.7382
   -7.5000  -15.0000   30.000013894.9199   13.7361
    0.0000  -15.0000   30.000014483.0527   13.7451
    7.5000  -15.0000   30.000013870.4229   13.7511
   -7.5000   -7.5000   30.000014684.6914   13.6511
    0.0000   -7.5000   30.000015337.8252   13.6607
    7.5000   -7.5000   30.000014646.5068   13.6736
   -7.5000    0.0000   30.000014925.9463   13.5575
    0.0000    0.0000   30.000015553.6982   13.5683
    7.5000    0.0000   30.000014808.1768   13.5831
   -7.5000    7.5000   30.000013782.5664   13.5418
    0.0000    7.5000   30.000014361.8418   13.5530
    7.5000    7.5000   30.000013706.8428   13.5624
   -7.5000   15.0000   30.000012657.7354   13.6268
    0.0000   15.0000   30.000013193.3828   13.6383
    7.5000   15.0000   30.000012591.2266   13.6400
   -7.5000   22.5000   30.000011517.4688   13.7213
    0.0000   22.5000   30.000012003.0732   13.7319
    7.5000   22.5000   30.000011457.8545   13.7319
   -7.5000   30.0000   30.000010427.1611   13.5583
    0.0000   30.0000   30.000010878.2422   13.5672
    7.5000   30.0000   30.000010379.0312   13.5731
   -7.5000   37.5000   30.0000 9678.7461   13.4744
    0.0000   37.5000   30.000010092.5381   13.4839
    7.5000   37.5000   30.0000 9652.2656   13.4967
   -7.5000   45.0000   30.0000 8651.2910   13.0681
    0.0000   45.0000   30.0000 9007.1270   13.0785
    7.5000   45.0000   30.0000 8614.8262   13.0928
   -7.5000  -45.0000   37.500010594.1748   13.7920
    0.0000  -45.0000   37.500011063.2207   13.8093
    7.5000  -45.0000   37.500010616.7295   13.8158
   -7.5000  -37.5000   37.500011093.2959   13.7770
    0.0000  -37.5000   37.500011563.4922   13.7949
    7.5000  -37.5000   37.500011106.2939   13.7983
   -7.5000  -30.0000   37.500011927.0049   13.8666
    0.0000  -30.0000   37.500012444.3213   13.8845
    7.5000  -30.0000   37.500011938.3340   13.8819
   -7.5000  -22.5000   37.500012619.2021   13.9703
    0.0000  -22.5000   37.500013165.4248   13.9866
    7.5000  -22.5000   37.500012621.0869   13.9823
   -7.5000  -15.0000   37.500013285.5039   13.9778
    0.0000  -15.0000   37.500013874.8525   13.9927
    7.5000  -15.0000   37.500013266.6582   13.9922
   -7.5000   -7.5000   37.500014080.5879   13.8893
    0.0000   -7.5000   37.500014720.5234   13.9052
    7.5000   -7.5000   37.500014050.5469   13.9094
   -7.5000    0.0000   37.500014238.0684   13.7920
    0.0000    0.0000   37.500014879.8613   13.8093
    7.5000    0.0000   37.500014139.4248   13.8158
   -7.5000    7.5000   37.500013174.0508   13.7770
    0.0000    7.5000   37.500013756.9033   13.7949
    7.5000    7.5000   37.500013103.6094   13.7983
   -7.5000   15.0000   37.500012109.4873   13.8666
    0.0000   15.0000   37.500012630.4307   13.8845
    7.5000   15.0000   37.500012049.1230   13.8819
   -7.5000   22.5000   37.500011018.9658   13.9639
    0.0000   22.5000   37.500011485.7461   13.9802
    7.5000   22.5000   37.500010956.6260   13.9759
   -7.5000   30.0000   37.5000 9972.4150   13.7969
    0.0000   30.0000   37.500010394.4365   13.8116
    7.5000   30.0000   37.5000 9923.3828   13.8111
   -7.5000   37.5000   37.5000 9270.0703   13.7096
    0.0000   37.5000   37.5000 9656.3330   13.7252
    7.5000   37.5000   37.5000 9235.6572   13.7294
   -7.5000   45.0000   37.5000 8264.4521   13.2942
    0.0000   45.0000   37.5000 8590.9219   13.3108
    7.5000   45.0000   37.5000 8234.5850   13.3171
   -7.5000  -45.0000   45.0000 9731.6631   14.0413
    0.0000  -45.0000   45.000010153.9385   14.0611
    7.5000  -45.0000   45.0000 9753.4268   14.0634
   -7.5000  -37.5000   45.000010161.7178   14.0245
    0.0000  -37.5000   45.000010601.9629   14.0457
    7.5000  -37.5000   45.000010185.7500   14.0468
   -7.5000  -30.0000   45.000010928.3613   14.1207
    0.0000  -30.0000   45.000011420.5078   14.1418
    7.5000  -30.0000   45.000010954.1816   14.1380
   -7.5000  -22.5000   45.000011572.4229   14.2327
    0.0000  -22.5000   45.000012080.6543   14.2517
    7.5000  -22.5000   45.000011577.6230   14.2455
   -7.5000  -15.0000   45.000012192.0713   14.2426
    0.0000  -15.0000   45.000012736.7227   14.2601
    7.5000  -15.0000   45.000012168.9629   14.2557
   -7.5000   -7.5000   45.000012922.4961   14.1474
    0.0000   -7.5000   45.000013487.3057   14.1659
    7.5000   -7.5000   45.000012866.4893   14.1649
   -7.5000    0.0000   45.000013003.2646   14.0413
    0.0000    0.0000   45.000013579.4199   14.0611
    7.5000    0.0000   45.000012907.3818   14.0634
   -7.5000    7.5000   45.000012050.6592   14.0245
    0.0000    7.5000   45.000012582.9170   14.0457
    7.5000    7.5000   45.000011976.8027   14.0468
   -7.5000   15.0000   45.000011068.5742   14.1207
    0.0000   15.0000   45.000011569.5938   14.1418
    7.5000   15.0000   45.000011025.4229   14.1380
   -7.5000   22.5000   45.000010084.3164   14.2261
    0.0000   22.5000   45.000010534.2656   14.2451
    7.5000   22.5000   45.000010030.3213   14.2389
   -7.5000   30.0000   45.0000 9125.3750   14.0570
    0.0000   30.0000   45.0000 9511.6201   14.0743
    7.5000   30.0000   45.0000 9081.3643   14.0700
   -7.5000   37.5000   45.0000 8480.3994   13.9631
    0.0000   37.5000   45.0000 8836.1436   13.9813
    7.5000   37.5000   45.0000 8443.7441   13.9804
   -7.5000   45.0000   45.0000 7576.3760   13.5405
    0.0000   45.0000   45.0000 7871.8428   13.5597
    7.5000   45.0000   45.0000 7534.8340   13.5619

---------------------------------------------------------------------
imgreg_4dfp /usr/local/freesurfer/average/711-2C_as_mni_average_305 /usr/local/freesurfer/average/711-2B_as_mni_average_305_mask talsrcimg_g11 none talsrcimg_to_711-2C_as_mni_average_305_t4 4355
---------------------------------------------------------------------

freesurfer imgreg_4dfp.c
/usr/local/freesurfer/average/711-2C_as_mni_average_305.4dfp.img
       256       256       256         1
  1.000000  1.000000  1.000000
orientation T byte_order littleendian
Reading image: /usr/local/freesurfer/average/711-2C_as_mni_average_305.4dfp.img
dimensions:      256       256       256
mmppix:       1.0000   -1.0000   -1.0000
center:     128.0000 -129.0000 -129.0000
/usr/local/freesurfer/average/711-2B_as_mni_average_305_mask.4dfp.img
       256       256       256         1
  1.000000  1.000000  1.000000
orientation T byte_order littleendian
Reading mask: /usr/local/freesurfer/average/711-2B_as_mni_average_305_mask.4dfp.img (2306576 pixels)
talsrcimg_g11.4dfp.img
       256       256       256         1
  1.000000  1.000000  1.000000
orientation T byte_order littleendian
Reading image: talsrcimg_g11.4dfp.img
dimensions:      256       256       256
mmppix:       1.0000   -1.0000   -1.0000
center:     128.0000 -129.0000 -129.0000
rotation matrix determinant  1.000000
image alignment mode   4355 decimal     1103 hex
   -7.5000  -45.0000  -37.5000 2433.8423   12.5101
    0.0000  -45.0000  -37.5000 2454.2358   12.5174
    7.5000  -45.0000  -37.5000 2436.8582   12.5569
   -7.5000  -37.5000  -37.5000 2498.8145   11.8637
    0.0000  -37.5000  -37.5000 2515.5215   11.8859
    7.5000  -37.5000  -37.5000 2498.1523   11.9081
   -7.5000  -30.0000  -37.5000 2524.0662   11.4784
    0.0000  -30.0000  -37.5000 2538.9661   11.4774
    7.5000  -30.0000  -37.5000 2522.9333   11.4935
   -7.5000  -22.5000  -37.5000 2533.3831   11.2800
    0.0000  -22.5000  -37.5000 2548.3755   11.2695
    7.5000  -22.5000  -37.5000 2529.3691   11.3034
   -7.5000  -15.0000  -37.5000 2530.2036   11.2120
    0.0000  -15.0000  -37.5000 2549.0520   11.1908
    7.5000  -15.0000  -37.5000 2526.9468   11.2216
   -7.5000   -7.5000  -37.5000 2519.5540   11.3101
    0.0000   -7.5000  -37.5000 2538.4583   11.2741
    7.5000   -7.5000  -37.5000 2518.0918   11.3132
   -7.5000    0.0000  -37.5000 2492.3066   11.5465
    0.0000    0.0000  -37.5000 2513.6782   11.5400
    7.5000    0.0000  -37.5000 2492.4280   11.5894
   -7.5000    7.5000  -37.5000 2451.6716   12.0328
    0.0000    7.5000  -37.5000 2476.2876   11.9919
    7.5000    7.5000  -37.5000 2450.6553   12.0610
   -7.5000   15.0000  -37.5000 2392.4951   12.7251
    0.0000   15.0000  -37.5000 2413.1582   12.6861
    7.5000   15.0000  -37.5000 2389.8894   12.7568
   -7.5000   22.5000  -37.5000 2307.4814   13.7012
    0.0000   22.5000  -37.5000 2329.9531   13.6433
    7.5000   22.5000  -37.5000 2304.6958   13.7342
   -7.5000   30.0000  -37.5000 2201.6841   14.9851
    0.0000   30.0000  -37.5000 2218.4790   14.8810
    7.5000   30.0000  -37.5000 2196.8032   14.9858
   -7.5000   37.5000  -37.5000 2078.1406   16.6762
    0.0000   37.5000  -37.5000 2095.3103   16.5140
    7.5000   37.5000  -37.5000 2071.8054   16.6711
   -7.5000   45.0000  -37.5000 1945.7456   18.9363
    0.0000   45.0000  -37.5000 1959.7583   18.7314
    7.5000   45.0000  -37.5000 1941.5101   18.9421
   -7.5000  -45.0000  -30.0000 2561.6626   12.0523
    0.0000  -45.0000  -30.0000 2578.3992   12.0172
    7.5000  -45.0000  -30.0000 2562.6396   12.1190
   -7.5000  -37.5000  -30.0000 2625.4773   11.4227
    0.0000  -37.5000  -30.0000 2644.1765   11.3768
    7.5000  -37.5000  -30.0000 2623.9121   11.4666
   -7.5000  -30.0000  -30.0000 2657.7219   11.0410
    0.0000  -30.0000  -30.0000 2677.0918   10.9994
    7.5000  -30.0000  -30.0000 2662.1836   11.0395
   -7.5000  -22.5000  -30.0000 2671.9177   10.7860
    0.0000  -22.5000  -30.0000 2693.3972   10.7587
    7.5000  -22.5000  -30.0000 2671.6191   10.7912
   -7.5000  -15.0000  -30.0000 2682.9861   10.6990
    0.0000  -15.0000  -30.0000 2700.6184   10.6822
    7.5000  -15.0000  -30.0000 2676.1584   10.7146
   -7.5000   -7.5000  -30.0000 2671.0637   10.7864
    0.0000   -7.5000  -30.0000 2692.2705   10.7880
    7.5000   -7.5000  -30.0000 2670.3635   10.8279
   -7.5000    0.0000  -30.0000 2640.6047   11.0593
    0.0000    0.0000  -30.0000 2670.0718   11.0468
    7.5000    0.0000  -30.0000 2642.5251   11.1093
   -7.5000    7.5000  -30.0000 2600.3330   11.5328
    0.0000    7.5000  -30.0000 2630.1436   11.4917
    7.5000    7.5000  -30.0000 2597.9861   11.5610
   -7.5000   15.0000  -30.0000 2533.4399   12.2169
    0.0000   15.0000  -30.0000 2560.0759   12.1665
    7.5000   15.0000  -30.0000 2533.2791   12.2266
   -7.5000   22.5000  -30.0000 2443.4626   13.1555
    0.0000   22.5000  -30.0000 2468.7983   13.0818
    7.5000   22.5000  -30.0000 2438.0784   13.1583
   -7.5000   30.0000  -30.0000 2326.3130   14.3619
    0.0000   30.0000  -30.0000 2351.0271   14.2709
    7.5000   30.0000  -30.0000 2325.3545   14.3721
   -7.5000   37.5000  -30.0000 2197.0198   15.9672
    0.0000   37.5000  -30.0000 2216.8738   15.8645
    7.5000   37.5000  -30.0000 2194.2683   15.9849
   -7.5000   45.0000  -30.0000 2046.7726   18.1287
    0.0000   45.0000  -30.0000 2064.4780   17.9849
    7.5000   45.0000  -30.0000 2044.0956   18.1212
   -7.5000  -45.0000  -22.5000 2646.6875   11.5730
    0.0000  -45.0000  -22.5000 2665.6040   11.4928
    7.5000  -45.0000  -22.5000 2654.8018   11.6139
   -7.5000  -37.5000  -22.5000 2715.0623   10.9255
    0.0000  -37.5000  -22.5000 2738.6665   10.8651
    7.5000  -37.5000  -22.5000 2721.9399   10.9636
   -7.5000  -30.0000  -22.5000 2756.8831   10.5256
    0.0000  -30.0000  -22.5000 2780.2361   10.4716
    7.5000  -30.0000  -22.5000 2762.3530   10.5439
   -7.5000  -22.5000  -22.5000 2776.3220   10.2469
    0.0000  -22.5000  -22.5000 2802.8628   10.1982
    7.5000  -22.5000  -22.5000 2783.6069   10.2513
   -7.5000  -15.0000  -22.5000 2794.3059   10.1225
    0.0000  -15.0000  -22.5000 2823.2087   10.0837
    7.5000  -15.0000  -22.5000 2794.3518   10.1320
   -7.5000   -7.5000  -22.5000 2789.1375   10.2026
    0.0000   -7.5000  -22.5000 2818.2095   10.1988
    7.5000   -7.5000  -22.5000 2788.0691   10.2451
   -7.5000    0.0000  -22.5000 2763.5669   10.4905
    0.0000    0.0000  -22.5000 2797.3616   10.4696
    7.5000    0.0000  -22.5000 2767.9417   10.5298
   -7.5000    7.5000  -22.5000 2723.8154   10.9822
    0.0000    7.5000  -22.5000 2755.7407   10.9365
    7.5000    7.5000  -22.5000 2725.4241   11.0122
   -7.5000   15.0000  -22.5000 2649.6641   11.6435
    0.0000   15.0000  -22.5000 2677.3125   11.5926
    7.5000   15.0000  -22.5000 2648.1997   11.6505
   -7.5000   22.5000  -22.5000 2550.8013   12.5375
    0.0000   22.5000  -22.5000 2572.1902   12.4806
    7.5000   22.5000  -22.5000 2546.9631   12.5384
   -7.5000   30.0000  -22.5000 2423.4417   13.7257
    0.0000   30.0000  -22.5000 2447.6797   13.6627
    7.5000   30.0000  -22.5000 2421.2717   13.7260
   -7.5000   37.5000  -22.5000 2280.9243   15.2685
    0.0000   37.5000  -22.5000 2305.6194   15.2010
    7.5000   37.5000  -22.5000 2283.7891   15.2927
   -7.5000   45.0000  -22.5000 2124.7771   17.3386
    0.0000   45.0000  -22.5000 2141.5771   17.2276
    7.5000   45.0000  -22.5000 2118.1255   17.3718
   -7.5000  -45.0000  -15.0000 2695.3735   11.1237
    0.0000  -45.0000  -15.0000 2713.3640   11.0281
    7.5000  -45.0000  -15.0000 2707.3501   11.1363
   -7.5000  -37.5000  -15.0000 2770.7913   10.4738
    0.0000  -37.5000  -15.0000 2797.8833   10.4003
    7.5000  -37.5000  -15.0000 2783.3696   10.4757
   -7.5000  -30.0000  -15.0000 2823.5129   10.0499
    0.0000  -30.0000  -15.0000 2849.1106    9.9759
    7.5000  -30.0000  -15.0000 2833.2302   10.0559
   -7.5000  -22.5000  -15.0000 2856.0061    9.7700
    0.0000  -22.5000  -15.0000 2882.2722    9.6821
    7.5000  -22.5000  -15.0000 2866.0820    9.7713
   -7.5000  -15.0000  -15.0000 2875.4688    9.6230
    0.0000  -15.0000  -15.0000 2906.9160    9.5406
    7.5000  -15.0000  -15.0000 2876.7554    9.6339
   -7.5000   -7.5000  -15.0000 2875.9722    9.6717
    0.0000   -7.5000  -15.0000 2911.0046    9.6118
    7.5000   -7.5000  -15.0000 2875.5540    9.7051
   -7.5000    0.0000  -15.0000 2850.9548    9.9811
    0.0000    0.0000  -15.0000 2887.3213    9.9048
    7.5000    0.0000  -15.0000 2857.1631   10.0045
   -7.5000    7.5000  -15.0000 2805.5186   10.4579
    0.0000    7.5000  -15.0000 2840.2686   10.3865
    7.5000    7.5000  -15.0000 2813.0715   10.4772
   -7.5000   15.0000  -15.0000 2723.4749   11.1213
    0.0000   15.0000  -15.0000 2750.6616   11.0504
    7.5000   15.0000  -15.0000 2725.3892   11.1321
   -7.5000   22.5000  -15.0000 2617.6267   11.9905
    0.0000   22.5000  -15.0000 2638.8303   11.9227
    7.5000   22.5000  -15.0000 2616.3840   12.0062
   -7.5000   30.0000  -15.0000 2485.9282   13.1601
    0.0000   30.0000  -15.0000 2507.8855   13.0829
    7.5000   30.0000  -15.0000 2479.3005   13.1666
   -7.5000   37.5000  -15.0000 2339.2424   14.6746
    0.0000   37.5000  -15.0000 2363.5645   14.6054
    7.5000   37.5000  -15.0000 2338.6980   14.7033
   -7.5000   45.0000  -15.0000 2171.8015   16.7135
    0.0000   45.0000  -15.0000 2193.9170   16.5731
    7.5000   45.0000  -15.0000 2169.4531   16.7424
   -7.5000  -45.0000   -7.5000 2716.7485   10.7508
    0.0000  -45.0000   -7.5000 2740.9487   10.6052
    7.5000  -45.0000   -7.5000 2736.8777   10.7414
   -7.5000  -37.5000   -7.5000 2800.3357   10.0840
    0.0000  -37.5000   -7.5000 2826.7334    9.9506
    7.5000  -37.5000   -7.5000 2812.6587   10.0621
   -7.5000  -30.0000   -7.5000 2864.0449    9.6551
    0.0000  -30.0000   -7.5000 2885.3369    9.5322
    7.5000  -30.0000   -7.5000 2874.8542    9.6380
   -7.5000  -22.5000   -7.5000 2906.8459    9.4073
    0.0000  -22.5000   -7.5000 2931.8608    9.2687
    7.5000  -22.5000   -7.5000 2919.1802    9.3875
   -7.5000  -15.0000   -7.5000 2935.3074    9.2827
    0.0000  -15.0000   -7.5000 2970.5974    9.1404
    7.5000  -15.0000   -7.5000 2942.7827    9.2832
   -7.5000   -7.5000   -7.5000 2943.5271    9.2933
    0.0000   -7.5000   -7.5000 2985.1775    9.1294
    7.5000   -7.5000   -7.5000 2940.9324    9.3246
   -7.5000    0.0000   -7.5000 2917.7883    9.5758
    0.0000    0.0000   -7.5000 2947.8213    9.4335
    7.5000    0.0000   -7.5000 2918.8484    9.5954
   -7.5000    7.5000   -7.5000 2862.5430   10.0340
    0.0000    7.5000   -7.5000 2893.4160    9.9037
    7.5000    7.5000   -7.5000 2866.8079   10.0464
   -7.5000   15.0000   -7.5000 2771.4426   10.6889
    0.0000   15.0000   -7.5000 2801.4875   10.5606
    7.5000   15.0000   -7.5000 2775.1536   10.7085
   -7.5000   22.5000   -7.5000 2658.1956   11.5751
    0.0000   22.5000   -7.5000 2686.9121   11.4623
    7.5000   22.5000   -7.5000 2659.0088   11.5758
   -7.5000   30.0000   -7.5000 2522.0435   12.7572
    0.0000   30.0000   -7.5000 2547.1375   12.6552
    7.5000   30.0000   -7.5000 2517.6580   12.7540
   -7.5000   37.5000   -7.5000 2372.7432   14.2736
    0.0000   37.5000   -7.5000 2396.6248   14.1690
    7.5000   37.5000   -7.5000 2370.9495   14.2810
   -7.5000   45.0000   -7.5000 2202.5764   16.2190
    0.0000   45.0000   -7.5000 2222.1318   16.0937
    7.5000   45.0000   -7.5000 2202.3525   16.2426
   -7.5000  -45.0000    0.0000 2732.2278   10.4748
    0.0000  -45.0000    0.0000 2758.2915   10.3243
    7.5000  -45.0000    0.0000 2746.3633   10.4612
   -7.5000  -37.5000    0.0000 2816.7134    9.8193
    0.0000  -37.5000    0.0000 2839.5012    9.6748
    7.5000  -37.5000    0.0000 2827.3782    9.8071
   -7.5000  -30.0000    0.0000 2881.9060    9.4082
    0.0000  -30.0000    0.0000 2898.8167    9.2604
    7.5000  -30.0000    0.0000 2887.8408    9.4020
   -7.5000  -22.5000    0.0000 2931.6367    9.1963
    0.0000  -22.5000    0.0000 2954.6968    9.0387
    7.5000  -22.5000    0.0000 2942.2605    9.1687
   -7.5000  -15.0000    0.0000 2972.8391    9.1744
    0.0000  -15.0000    0.0000 3014.1553    9.0256
    7.5000  -15.0000    0.0000 2984.3579    9.1237
   -7.5000   -7.5000    0.0000 2990.0022    9.2214
    0.0000   -7.5000    0.0000 3039.8279    9.0166
    7.5000   -7.5000    0.0000 2989.6455    9.2168
   -7.5000    0.0000    0.0000 2962.1328    9.3863
    0.0000    0.0000    0.0000 2996.7273    9.2127
    7.5000    0.0000    0.0000 2958.2644    9.4111
   -7.5000    7.5000    0.0000 2896.4910    9.7612
    0.0000    7.5000    0.0000 2927.0273    9.6158
    7.5000    7.5000    0.0000 2895.9253    9.7736
   -7.5000   15.0000    0.0000 2799.8220   10.3972
    0.0000   15.0000    0.0000 2832.0464   10.2797
    7.5000   15.0000    0.0000 2800.4431   10.3884
   -7.5000   22.5000    0.0000 2676.3743   11.3143
    0.0000   22.5000    0.0000 2706.6465   11.2329
    7.5000   22.5000    0.0000 2677.6846   11.2908
   -7.5000   30.0000    0.0000 2535.3867   12.5263
    0.0000   30.0000    0.0000 2560.3804   12.4836
    7.5000   30.0000    0.0000 2532.8462   12.5178
   -7.5000   37.5000    0.0000 2385.7378   14.0194
    0.0000   37.5000    0.0000 2409.6570   13.9800
    7.5000   37.5000    0.0000 2381.8335   14.0316
   -7.5000   45.0000    0.0000 2222.9854   15.9269
    0.0000   45.0000    0.0000 2239.8103   15.8380
    7.5000   45.0000    0.0000 2218.0156   15.9465
   -7.5000  -45.0000    7.5000 2743.9883   10.3452
    0.0000  -45.0000    7.5000 2759.7178   10.1868
    7.5000  -45.0000    7.5000 2751.5232   10.3477
   -7.5000  -37.5000    7.5000 2821.9456    9.7110
    0.0000  -37.5000    7.5000 2838.3601    9.5814
    7.5000  -37.5000    7.5000 2828.9827    9.7160
   -7.5000  -30.0000    7.5000 2878.9951    9.3179
    0.0000  -30.0000    7.5000 2898.8257    9.2187
    7.5000  -30.0000    7.5000 2886.7290    9.3292
   -7.5000  -22.5000    7.5000 2936.5430    9.1328
    0.0000  -22.5000    7.5000 2965.1340    9.0387
    7.5000  -22.5000    7.5000 2942.5254    9.1216
   -7.5000  -15.0000    7.5000 2985.5740    9.1327
    0.0000  -15.0000    7.5000 3034.2266    9.0847
    7.5000  -15.0000    7.5000 2991.6060    9.1095
   -7.5000   -7.5000    7.5000 3011.2332    9.2355
    0.0000   -7.5000    7.5000 3076.4187    9.1365
    7.5000   -7.5000    7.5000 3008.0415    9.2423
   -7.5000    0.0000    7.5000 2976.0425    9.4076
    0.0000    0.0000    7.5000 3022.7288    9.3018
    7.5000    0.0000    7.5000 2968.6604    9.4379
   -7.5000    7.5000    7.5000 2905.4480    9.7178
    0.0000    7.5000    7.5000 2940.4390    9.6135
    7.5000    7.5000    7.5000 2899.9133    9.7387
   -7.5000   15.0000    7.5000 2802.3699   10.3282
    0.0000   15.0000    7.5000 2828.3799   10.2317
    7.5000   15.0000    7.5000 2800.3784   10.3303
   -7.5000   22.5000    7.5000 2680.1904   11.2590
    0.0000   22.5000    7.5000 2700.7986   11.1654
    7.5000   22.5000    7.5000 2678.7729   11.2354
   -7.5000   30.0000    7.5000 2536.9143   12.4519
    0.0000   30.0000    7.5000 2559.1165   12.3719
    7.5000   30.0000    7.5000 2538.4893   12.4317
   -7.5000   37.5000    7.5000 2386.4526   13.9497
    0.0000   37.5000    7.5000 2407.5830   13.8596
    7.5000   37.5000    7.5000 2384.3376   13.9444
   -7.5000   45.0000    7.5000 2222.5750   15.8072
    0.0000   45.0000    7.5000 2241.6658   15.7060
    7.5000   45.0000    7.5000 2219.2346   15.8248
   -7.5000  -45.0000   15.0000 2735.3450   10.4088
    0.0000  -45.0000   15.0000 2750.6467   10.2938
    7.5000  -45.0000   15.0000 2738.2651   10.4350
   -7.5000  -37.5000   15.0000 2812.1492    9.7757
    0.0000  -37.5000   15.0000 2824.6030    9.6878
    7.5000  -37.5000   15.0000 2814.3186    9.8010
   -7.5000  -30.0000   15.0000 2873.6006    9.3857
    0.0000  -30.0000   15.0000 2890.2297    9.3137
    7.5000  -30.0000   15.0000 2875.0203    9.4211
   -7.5000  -22.5000   15.0000 2928.4902    9.2155
    0.0000  -22.5000   15.0000 2954.4277    9.1191
    7.5000  -22.5000   15.0000 2930.1833    9.2154
   -7.5000  -15.0000   15.0000 2969.6509    9.1869
    0.0000  -15.0000   15.0000 3013.8101    9.0738
    7.5000  -15.0000   15.0000 2973.8611    9.1887
   -7.5000   -7.5000   15.0000 2993.0662    9.2807
    0.0000   -7.5000   15.0000 3035.3953    9.1297
    7.5000   -7.5000   15.0000 2989.8103    9.3279
   -7.5000    0.0000   15.0000 2952.5847    9.5402
    0.0000    0.0000   15.0000 2988.8376    9.3886
    7.5000    0.0000   15.0000 2950.4346    9.5528
   -7.5000    7.5000   15.0000 2878.7136    9.9471
    0.0000    7.5000   15.0000 2911.2466    9.8238
    7.5000    7.5000   15.0000 2877.7593    9.9442
   -7.5000   15.0000   15.0000 2777.0269   10.5580
    0.0000   15.0000   15.0000 2803.3796   10.4655
    7.5000   15.0000   15.0000 2779.4731   10.5469
   -7.5000   22.5000   15.0000 2654.2136   11.4480
    0.0000   22.5000   15.0000 2673.9651   11.3546
    7.5000   22.5000   15.0000 2656.0725   11.4075
   -7.5000   30.0000   15.0000 2513.7998   12.5765
    0.0000   30.0000   15.0000 2534.8882   12.4949
    7.5000   30.0000   15.0000 2518.0046   12.5599
   -7.5000   37.5000   15.0000 2367.5508   14.0176
    0.0000   37.5000   15.0000 2387.8997   13.9314
    7.5000   37.5000   15.0000 2368.3826   14.0123
   -7.5000   45.0000   15.0000 2199.4885   15.8801
    0.0000   45.0000   15.0000 2222.2014   15.7602
    7.5000   45.0000   15.0000 2204.7131   15.8736
   -7.5000  -45.0000   22.5000 2723.8689   10.6199
    0.0000  -45.0000   22.5000 2747.5081   10.4754
    7.5000  -45.0000   22.5000 2726.2646   10.6639
   -7.5000  -37.5000   22.5000 2797.5203    9.9790
    0.0000  -37.5000   22.5000 2815.9148    9.8600
    7.5000  -37.5000   22.5000 2800.4917   10.0146
   -7.5000  -30.0000   22.5000 2856.4604    9.6081
    0.0000  -30.0000   22.5000 2875.5547    9.4821
    7.5000  -30.0000   22.5000 2860.6523    9.6236
   -7.5000  -22.5000   22.5000 2903.9744    9.4461
    0.0000  -22.5000   22.5000 2926.1572    9.2926
    7.5000  -22.5000   22.5000 2909.9509    9.4260
   -7.5000  -15.0000   22.5000 2937.8208    9.3981
    0.0000  -15.0000   22.5000 2967.1594    9.2281
    7.5000  -15.0000   22.5000 2941.6860    9.4093
   -7.5000   -7.5000   22.5000 2946.2202    9.5029
    0.0000   -7.5000   22.5000 2970.9128    9.3457
    7.5000   -7.5000   22.5000 2943.1003    9.5397
   -7.5000    0.0000   22.5000 2907.4070    9.8420
    0.0000    0.0000   22.5000 2938.3105    9.7081
    7.5000    0.0000   22.5000 2905.1501    9.8428
   -7.5000    7.5000   22.5000 2835.5332   10.3484
    0.0000    7.5000   22.5000 2862.3855   10.2082
    7.5000    7.5000   22.5000 2835.5642   10.3249
   -7.5000   15.0000   22.5000 2733.9099   10.9818
    0.0000   15.0000   22.5000 2758.0430   10.8593
    7.5000   15.0000   22.5000 2736.2651   10.9427
   -7.5000   22.5000   22.5000 2613.4565   11.8227
    0.0000   22.5000   22.5000 2637.3093   11.7422
    7.5000   22.5000   22.5000 2620.0896   11.7832
   -7.5000   30.0000   22.5000 2478.7202   12.8938
    0.0000   30.0000   22.5000 2502.4287   12.8382
    7.5000   30.0000   22.5000 2482.6836   12.8560
   -7.5000   37.5000   22.5000 2331.0347   14.2813
    0.0000   37.5000   22.5000 2353.9424   14.2068
    7.5000   37.5000   22.5000 2334.7854   14.2570
   -7.5000   45.0000   22.5000 2160.5208   16.1430
    0.0000   45.0000   22.5000 2182.6387   16.0402
    7.5000   45.0000   22.5000 2169.1396   16.1202
   -7.5000  -45.0000   30.0000 2704.7925   10.9419
    0.0000  -45.0000   30.0000 2724.3538   10.7443
    7.5000  -45.0000   30.0000 2701.0037   11.0023
   -7.5000  -37.5000   30.0000 2779.3210   10.2921
    0.0000  -37.5000   30.0000 2804.2898   10.1456
    7.5000  -37.5000   30.0000 2778.7163   10.3323
   -7.5000  -30.0000   30.0000 2831.0486    9.9461
    0.0000  -30.0000   30.0000 2859.3101    9.8200
    7.5000  -30.0000   30.0000 2834.1033    9.9633
   -7.5000  -22.5000   30.0000 2868.6147    9.8021
    0.0000  -22.5000   30.0000 2896.3848    9.6533
    7.5000  -22.5000   30.0000 2874.5488    9.7950
   -7.5000  -15.0000   30.0000 2891.7930    9.7577
    0.0000  -15.0000   30.0000 2921.1675    9.5990
    7.5000  -15.0000   30.0000 2891.4905    9.7705
   -7.5000   -7.5000   30.0000 2883.5522    9.9370
    0.0000   -7.5000   30.0000 2909.7515    9.8189
    7.5000   -7.5000   30.0000 2883.6294    9.9470
   -7.5000    0.0000   30.0000 2842.5215   10.3067
    0.0000    0.0000   30.0000 2870.6338   10.1818
    7.5000    0.0000   30.0000 2838.6785   10.2984
   -7.5000    7.5000   30.0000 2764.6724   10.8232
    0.0000    7.5000   30.0000 2787.2253   10.6978
    7.5000    7.5000   30.0000 2767.0103   10.8013
   -7.5000   15.0000   30.0000 2671.5706   11.4837
    0.0000   15.0000   30.0000 2692.0789   11.3563
    7.5000   15.0000   30.0000 2672.2227   11.4372
   -7.5000   22.5000   30.0000 2558.1667   12.3336
    0.0000   22.5000   30.0000 2581.9922   12.2375
    7.5000   22.5000   30.0000 2563.0781   12.2901
   -7.5000   30.0000   30.0000 2430.4165   13.4291
    0.0000   30.0000   30.0000 2457.1501   13.3457
    7.5000   30.0000   30.0000 2436.1731   13.3864
   -7.5000   37.5000   30.0000 2279.3860   14.8034
    0.0000   37.5000   30.0000 2305.2739   14.7241
    7.5000   37.5000   30.0000 2289.9607   14.7498
   -7.5000   45.0000   30.0000 2114.5715   16.6260
    0.0000   45.0000   30.0000 2137.6714   16.5593
    7.5000   45.0000   30.0000 2120.9514   16.6023
   -7.5000  -45.0000   37.5000 2672.1379   11.3861
    0.0000  -45.0000   37.5000 2694.0444   11.1530
    7.5000  -45.0000   37.5000 2671.5225   11.4273
   -7.5000  -37.5000   37.5000 2747.4441   10.7239
    0.0000  -37.5000   37.5000 2768.7117   10.5519
    7.5000  -37.5000   37.5000 2746.0825   10.7636
   -7.5000  -30.0000   37.5000 2794.5989   10.4053
    0.0000  -30.0000   37.5000 2820.6230   10.2700
    7.5000  -30.0000   37.5000 2794.9612   10.4314
   -7.5000  -22.5000   37.5000 2820.5725   10.2869
    0.0000  -22.5000   37.5000 2852.5500   10.1163
    7.5000  -22.5000   37.5000 2822.4888   10.2864
   -7.5000  -15.0000   37.5000 2829.9756   10.2708
    0.0000  -15.0000   37.5000 2860.7441   10.1540
    7.5000  -15.0000   37.5000 2831.1199   10.2780
   -7.5000   -7.5000   37.5000 2815.7686   10.5143
    0.0000   -7.5000   37.5000 2845.4331   10.4128
    7.5000   -7.5000   37.5000 2816.4189   10.5290
   -7.5000    0.0000   37.5000 2764.7976   10.8976
    0.0000    0.0000   37.5000 2796.8281   10.8053
    7.5000    0.0000   37.5000 2764.1082   10.9003
   -7.5000    7.5000   37.5000 2687.1963   11.4379
    0.0000    7.5000   37.5000 2714.1782   11.3310
    7.5000    7.5000   37.5000 2692.2703   11.4108
   -7.5000   15.0000   37.5000 2596.1277   12.1040
    0.0000   15.0000   37.5000 2619.0713   12.0026
    7.5000   15.0000   37.5000 2599.4546   12.0665
   -7.5000   22.5000   37.5000 2492.2720   12.9375
    0.0000   22.5000   37.5000 2516.8076   12.8425
    7.5000   22.5000   37.5000 2495.8203   12.8900
   -7.5000   30.0000   37.5000 2365.8604   14.0344
    0.0000   30.0000   37.5000 2389.4648   13.9585
    7.5000   30.0000   37.5000 2370.3770   13.9909
   -7.5000   37.5000   37.5000 2220.3311   15.4406
    0.0000   37.5000   37.5000 2246.7676   15.3693
    7.5000   37.5000   37.5000 2224.3020   15.4059
   -7.5000   45.0000   37.5000 2063.0469   17.3136
    0.0000   45.0000   37.5000 2085.5112   17.2184
    7.5000   45.0000   37.5000 2061.6323   17.3309
   -7.5000  -45.0000   45.0000 2619.8120   11.9798
    0.0000  -45.0000   45.0000 2641.8130   11.7546
    7.5000  -45.0000   45.0000 2618.3420   11.9996
   -7.5000  -37.5000   45.0000 2696.3621   11.2826
    0.0000  -37.5000   45.0000 2720.1624   11.1038
    7.5000  -37.5000   45.0000 2694.8870   11.3240
   -7.5000  -30.0000   45.0000 2740.8979   10.9865
    0.0000  -30.0000   45.0000 2769.6199   10.8433
    7.5000  -30.0000   45.0000 2741.7419   11.0125
   -7.5000  -22.5000   45.0000 2757.7681   10.8776
    0.0000  -22.5000   45.0000 2786.4358   10.7501
    7.5000  -22.5000   45.0000 2757.3481   10.8727
   -7.5000  -15.0000   45.0000 2757.0149   10.9247
    0.0000  -15.0000   45.0000 2780.9609   10.8304
    7.5000  -15.0000   45.0000 2755.4592   10.9123
   -7.5000   -7.5000   45.0000 2731.6868   11.2179
    0.0000   -7.5000   45.0000 2758.8484   11.1092
    7.5000   -7.5000   45.0000 2729.3035   11.2244
   -7.5000    0.0000   45.0000 2681.8508   11.6131
    0.0000    0.0000   45.0000 2710.0061   11.5249
    7.5000    0.0000   45.0000 2677.6301   11.6375
   -7.5000    7.5000   45.0000 2605.1296   12.1575
    0.0000    7.5000   45.0000 2633.0127   12.0765
    7.5000    7.5000   45.0000 2603.4514   12.1843
   -7.5000   15.0000   45.0000 2513.6863   12.8354
    0.0000   15.0000   45.0000 2539.6042   12.7647
    7.5000   15.0000   45.0000 2515.9358   12.8494
   -7.5000   22.5000   45.0000 2415.9915   13.6663
    0.0000   22.5000   45.0000 2439.1755   13.6078
    7.5000   22.5000   45.0000 2413.8545   13.6463
   -7.5000   30.0000   45.0000 2293.7812   14.7738
    0.0000   30.0000   45.0000 2312.9829   14.7093
    7.5000   30.0000   45.0000 2291.4651   14.7413
   -7.5000   37.5000   45.0000 2153.5029   16.2131
    0.0000   37.5000   45.0000 2172.1538   16.1587
    7.5000   37.5000   45.0000 2150.7737   16.1919
   -7.5000   45.0000   45.0000 2008.0676   18.1623
    0.0000   45.0000   45.0000 2020.2440   18.0536
    7.5000   45.0000   45.0000 2001.7493   18.1452
   -7.5000  -45.0000   52.5000 2552.8213   12.7109
    0.0000  -45.0000   52.5000 2576.5933   12.4978
    7.5000  -45.0000   52.5000 2549.4041   12.7356
   -7.5000  -37.5000   52.5000 2627.7212   12.0217
    0.0000  -37.5000   52.5000 2651.3691   11.8569
    7.5000  -37.5000   52.5000 2624.3606   12.0412
   -7.5000  -30.0000   52.5000 2669.2625   11.6964
    0.0000  -30.0000   52.5000 2698.2336   11.5529
    7.5000  -30.0000   52.5000 2670.8149   11.7156
   -7.5000  -22.5000   52.5000 2681.1157   11.6013
    0.0000  -22.5000   52.5000 2709.2795   11.5142
    7.5000  -22.5000   52.5000 2685.0583   11.6087
   -7.5000  -15.0000   52.5000 2669.7356   11.7099
    0.0000  -15.0000   52.5000 2693.2847   11.6400
    7.5000  -15.0000   52.5000 2668.5583   11.7104
   -7.5000   -7.5000   52.5000 2637.4026   12.0379
    0.0000   -7.5000   52.5000 2663.2000   11.9603
    7.5000   -7.5000   52.5000 2636.8772   12.0382
   -7.5000    0.0000   52.5000 2590.6199   12.4280
    0.0000    0.0000   52.5000 2617.1155   12.3565
    7.5000    0.0000   52.5000 2590.7209   12.4463
   -7.5000    7.5000   52.5000 2519.2073   12.9934
    0.0000    7.5000   52.5000 2548.3318   12.9149
    7.5000    7.5000   52.5000 2515.5332   13.0120
   -7.5000   15.0000   52.5000 2427.9336   13.6895
    0.0000   15.0000   52.5000 2455.4995   13.6240
    7.5000   15.0000   52.5000 2430.1172   13.7044
   -7.5000   22.5000   52.5000 2331.8530   14.5627
    0.0000   22.5000   52.5000 2353.0103   14.4797
    7.5000   22.5000   52.5000 2332.4368   14.5406
   -7.5000   30.0000   52.5000 2212.5410   15.6565
    0.0000   30.0000   52.5000 2227.6560   15.5979
    7.5000   30.0000   52.5000 2211.9883   15.6305
   -7.5000   37.5000   52.5000 2078.8748   17.1771
    0.0000   37.5000   52.5000 2092.8416   17.1163
    7.5000   37.5000   52.5000 2081.9575   17.1740
   -7.5000   45.0000   52.5000 1941.2654   19.1937
    0.0000   45.0000   52.5000 1950.3256   19.0365
    7.5000   45.0000   52.5000 1938.5708   19.2250

---------------------------------------------------------------------
imgreg_4dfp /usr/local/freesurfer/average/711-2C_as_mni_average_305 /usr/local/freesurfer/average/711-2B_as_mni_average_305_mask talsrcimg_g11 none talsrcimg_to_711-2C_as_mni_average_305_t4 1283
---------------------------------------------------------------------

freesurfer imgreg_4dfp.c
/usr/local/freesurfer/average/711-2C_as_mni_average_305.4dfp.img
       256       256       256         1
  1.000000  1.000000  1.000000
orientation T byte_order littleendian
Reading image: /usr/local/freesurfer/average/711-2C_as_mni_average_305.4dfp.img
dimensions:      256       256       256
mmppix:       1.0000   -1.0000   -1.0000
center:     128.0000 -129.0000 -129.0000
/usr/local/freesurfer/average/711-2B_as_mni_average_305_mask.4dfp.img
       256       256       256         1
  1.000000  1.000000  1.000000
orientation T byte_order littleendian
Reading mask: /usr/local/freesurfer/average/711-2B_as_mni_average_305_mask.4dfp.img (2306576 pixels)
talsrcimg_g11.4dfp.img
       256       256       256         1
  1.000000  1.000000  1.000000
orientation T byte_order littleendian
Reading image: talsrcimg_g11.4dfp.img
dimensions:      256       256       256
mmppix:       1.0000   -1.0000   -1.0000
center:     128.0000 -129.0000 -129.0000
rotation matrix determinant  1.000000
fimgreg.f
image alignment mode   1283 decimal      503 hex
parameters
    0.0000   -7.5000    7.5000    0.0000    0.0000    0.0000
eta,q 0.96550  9.12013
niter,ni,del,rscale     5    3   12.0000    1.2000
parameters
   -0.0662   -8.2047    6.7416   -2.4776    0.6879   -0.3876
eta,q 0.96479  9.09576
  0.0515  0.0448  0.0418  0.0378  0.0443  0.0402
  0.0441  0.0395  0.0386  0.0360  0.0404  0.0374
  0.0386  0.0367  0.0371  0.0355  0.0373  0.0358
  0.0369  0.0368  0.0364  0.0365  0.0354  0.0352
  0.0387  0.0398  0.0380  0.0389  0.0358  0.0359
  0.0445  0.0436  0.0413  0.0423  0.0380  0.0385
  0.0522  0.0477  0.0449  0.0457  0.0413  0.0418
niter,ni,del,rscale     4    3   12.0000    1.2000
parameters
   -0.2007   -7.4323    6.4269   -3.0806    0.7721   -0.4900
eta,q 0.96462  9.09982
  0.0509  0.0486  0.0413  0.0398  0.0430  0.0403
  0.0425  0.0421  0.0379  0.0372  0.0392  0.0377
  0.0365  0.0370  0.0362  0.0358  0.0365  0.0361
  0.0352  0.0352  0.0353  0.0354  0.0354  0.0354
  0.0379  0.0363  0.0361  0.0364  0.0364  0.0357
  0.0440  0.0388  0.0387  0.0387  0.0389  0.0378
  0.0517  0.0427  0.0430  0.0421  0.0426  0.0409
niter,ni,del,rscale     3    3   12.0000    1.2000
parameters
   -0.2444   -7.1867    6.3939   -3.2980    0.8074   -0.5283
eta,q 0.96448  9.10061
  0.0511  0.0464  0.0421  0.0404  0.0431  0.0403
  0.0428  0.0404  0.0381  0.0378  0.0392  0.0377
  0.0369  0.0362  0.0363  0.0361  0.0365  0.0362
  0.0354  0.0354  0.0355  0.0355  0.0355  0.0355
  0.0376  0.0370  0.0359  0.0361  0.0366  0.0357
  0.0434  0.0397  0.0382  0.0381  0.0391  0.0377
  0.0511  0.0442  0.0424  0.0414  0.0428  0.0407
niter,ni,del,rscale     2    3   12.0000    1.2000
parameters
   -0.2682   -7.1087    6.3830   -3.3702    0.8262   -0.5412
eta,q 0.96443  9.10078
  0.0512  0.0459  0.0422  0.0407  0.0431  0.0403
  0.0430  0.0400  0.0382  0.0380  0.0392  0.0378
  0.0370  0.0361  0.0364  0.0363  0.0366  0.0362
  0.0355  0.0355  0.0356  0.0356  0.0356  0.0356
  0.0377  0.0372  0.0360  0.0360  0.0367  0.0358
  0.0434  0.0400  0.0382  0.0379  0.0392  0.0376
  0.0511  0.0447  0.0424  0.0411  0.0429  0.0406
niter,ni,del,rscale     1    3   12.0000    1.2000
parameters
   -0.2787   -7.0852    6.3792   -3.3926    0.8351   -0.5460
eta,q 0.96441  9.10090
  0.0513  0.0457  0.0422  0.0407  0.0431  0.0403
  0.0431  0.0398  0.0382  0.0380  0.0392  0.0378
  0.0371  0.0360  0.0364  0.0363  0.0366  0.0363
  0.0356  0.0356  0.0356  0.0356  0.0356  0.0356
  0.0377  0.0373  0.0360  0.0360  0.0367  0.0358
  0.0434  0.0401  0.0382  0.0379  0.0393  0.0376
  0.0510  0.0448  0.0424  0.0411  0.0429  0.0406
registration optimization eta report
parameter search radius
    6.0000    6.0000    6.0000    6.0000    6.0000    6.0000
100000*second partial in parameter space
       43.       27.       19.       15.       20.       14.
  0.0513  0.0457  0.0422  0.0407  0.0431  0.0403
  0.0431  0.0398  0.0382  0.0380  0.0392  0.0378
  0.0371  0.0360  0.0364  0.0363  0.0366  0.0363
  0.0356  0.0356  0.0356  0.0356  0.0356  0.0356
  0.0377  0.0373  0.0360  0.0360  0.0367  0.0358
  0.0434  0.0401  0.0382  0.0379  0.0393  0.0376
  0.0510  0.0448  0.0424  0.0411  0.0429  0.0406
   -0.2787   -7.0852    6.3792   -3.3926    0.8351   -0.5460
eta,q 0.96441  9.10090

---------------------------------------------------------------------
imgreg_4dfp /usr/local/freesurfer/average/711-2C_as_mni_average_305 /usr/local/freesurfer/average/711-2B_as_mni_average_305_mask talsrcimg_g11 none talsrcimg_to_711-2C_as_mni_average_305_t4 3335
---------------------------------------------------------------------

freesurfer imgreg_4dfp.c
/usr/local/freesurfer/average/711-2C_as_mni_average_305.4dfp.img
       256       256       256         1
  1.000000  1.000000  1.000000
orientation T byte_order littleendian
Reading image: /usr/local/freesurfer/average/711-2C_as_mni_average_305.4dfp.img
dimensions:      256       256       256
mmppix:       1.0000   -1.0000   -1.0000
center:     128.0000 -129.0000 -129.0000
/usr/local/freesurfer/average/711-2B_as_mni_average_305_mask.4dfp.img
       256       256       256         1
  1.000000  1.000000  1.000000
orientation T byte_order littleendian
Reading mask: /usr/local/freesurfer/average/711-2B_as_mni_average_305_mask.4dfp.img (2306576 pixels)
talsrcimg_g11.4dfp.img
       256       256       256         1
  1.000000  1.000000  1.000000
orientation T byte_order littleendian
Reading image: talsrcimg_g11.4dfp.img
dimensions:      256       256       256
mmppix:       1.0000   -1.0000   -1.0000
center:     128.0000 -129.0000 -129.0000
fimgreg.f
image alignment mode   3335 decimal      D07 hex
parameters
   -0.2787   -7.0852    6.3792   -0.0152   -0.1806   -0.1859
    1.0375   -1.3984   -0.9528    5.9313    1.4574   -5.9170
eta,q 0.96733  9.10885
niter,ni,del,rscale     5    3    5.0000    1.2000
parameter  4  1.354116 ->  0.500000 qaram    1.1500
parameter  5  0.984318 ->  0.500000 qaram    1.1500
parameters
   -0.5783   -7.0088    6.6827   -4.1552   -4.3206    0.3513
    1.3667   -1.2113   -0.0843    4.9705   -0.0509   -6.0526
eta,q 0.97311  8.99538
  0.0347  0.0347  0.0343  0.0285  0.0270  0.0300  0.0302  0.0323  0.0292  0.0292  0.0277  0.0281
  0.0334  0.0336  0.0335  0.0289  0.0271  0.0289  0.0286  0.0297  0.0281  0.0278  0.0272  0.0274
  0.0327  0.0329  0.0329  0.0304  0.0278  0.0280  0.0275  0.0278  0.0274  0.0271  0.0269  0.0270
  0.0327  0.0326  0.0326  0.0326  0.0292  0.0272  0.0270  0.0270  0.0270  0.0270  0.0269  0.0269
  0.0332  0.0328  0.0326  0.0354  0.0313  0.0268  0.0273  0.0276  0.0271  0.0277  0.0273  0.0270
  0.0344  0.0335  0.0330  0.0384  0.0337  0.0277  0.0282  0.0294  0.0275  0.0290  0.0279  0.0275
  0.0361  0.0345  0.0337  0.0417  0.0364  0.0300  0.0297  0.0318  0.0284  0.0307  0.0288  0.0282
niter,ni,del,rscale     6    3    5.0000    1.2000
parameters
   -0.4548   -6.2331    6.8991   -6.5032   -6.6772    1.3729
    1.3407   -0.8969    0.1380    5.7163   -0.6132   -6.3305
eta,q 0.97458  8.93346
  0.0309  0.0306  0.0283  0.0291  0.0277  0.0285  0.0284  0.0307  0.0276  0.0286  0.0266  0.0266
  0.0288  0.0289  0.0275  0.0272  0.0266  0.0275  0.0269  0.0281  0.0265  0.0271  0.0259  0.0259
  0.0274  0.0276  0.0269  0.0261  0.0259  0.0267  0.0258  0.0263  0.0258  0.0260  0.0255  0.0255
  0.0269  0.0269  0.0267  0.0266  0.0261  0.0258  0.0255  0.0255  0.0255  0.0255  0.0254  0.0254
  0.0272  0.0267  0.0267  0.0285  0.0273  0.0252  0.0259  0.0260  0.0256  0.0256  0.0257  0.0256
  0.0283  0.0269  0.0271  0.0314  0.0293  0.0257  0.0269  0.0275  0.0263  0.0263  0.0262  0.0260
  0.0302  0.0277  0.0278  0.0348  0.0319  0.0280  0.0284  0.0299  0.0274  0.0276  0.0270  0.0268
niter,ni,del,rscale     5    3    5.0000    1.2000
parameters
   -0.3506   -5.7880    7.0812   -6.6605   -7.5049    1.2694
    1.2704   -0.7695    0.2195    6.4278   -0.8528   -6.4539
eta,q 0.97462  8.90308
  0.0297  0.0285  0.0272  0.0301  0.0280  0.0279  0.0282  0.0301  0.0274  0.0281  0.0266  0.0266
  0.0275  0.0271  0.0262  0.0283  0.0269  0.0270  0.0267  0.0277  0.0264  0.0269  0.0259  0.0259
  0.0260  0.0260  0.0256  0.0264  0.0258  0.0262  0.0257  0.0260  0.0257  0.0259  0.0255  0.0255
  0.0254  0.0254  0.0253  0.0253  0.0253  0.0254  0.0254  0.0254  0.0254  0.0254  0.0254  0.0254
  0.0258  0.0254  0.0254  0.0260  0.0259  0.0251  0.0258  0.0260  0.0256  0.0255  0.0256  0.0255
  0.0270  0.0259  0.0259  0.0280  0.0274  0.0263  0.0268  0.0275  0.0263  0.0261  0.0261  0.0260
  0.0290  0.0269  0.0266  0.0310  0.0297  0.0291  0.0283  0.0298  0.0273  0.0273  0.0268  0.0268
niter,ni,del,rscale     4    3    5.0000    1.2000
parameters
   -0.3146   -5.5789    7.0596   -6.6239   -7.9048    1.1575
    1.2437   -0.7178    0.2911    6.8352   -0.9455   -6.5824
eta,q 0.97458  8.88848
  0.0293  0.0280  0.0269  0.0301  0.0281  0.0279  0.0282  0.0299  0.0273  0.0278  0.0267  0.0267
  0.0272  0.0267  0.0260  0.0284  0.0270  0.0271  0.0267  0.0276  0.0263  0.0267  0.0260  0.0260
  0.0259  0.0258  0.0255  0.0265  0.0260  0.0263  0.0258  0.0260  0.0257  0.0259  0.0256  0.0256
  0.0254  0.0254  0.0254  0.0254  0.0254  0.0254  0.0254  0.0254  0.0254  0.0254  0.0254  0.0254
  0.0258  0.0255  0.0256  0.0259  0.0257  0.0251  0.0258  0.0260  0.0256  0.0255  0.0256  0.0255
  0.0271  0.0261  0.0261  0.0277  0.0270  0.0263  0.0268  0.0275  0.0263  0.0262  0.0261  0.0260
  0.0291  0.0272  0.0269  0.0307  0.0292  0.0292  0.0282  0.0298  0.0272  0.0275  0.0268  0.0268
niter,ni,del,rscale     3    3    5.0000    1.2000
parameters
   -0.3018   -5.4488    7.0140   -6.6004   -8.1281    1.0701
    1.2156   -0.6954    0.3410    7.1331   -0.9717   -6.6879
eta,q 0.97454  8.87982
  0.0292  0.0278  0.0269  0.0301  0.0282  0.0280  0.0282  0.0299  0.0272  0.0277  0.0268  0.0267
  0.0272  0.0266  0.0260  0.0284  0.0271  0.0271  0.0267  0.0276  0.0263  0.0266  0.0261  0.0260
  0.0259  0.0258  0.0255  0.0266  0.0261  0.0263  0.0258  0.0260  0.0257  0.0259  0.0256  0.0256
  0.0254  0.0254  0.0254  0.0254  0.0254  0.0254  0.0255  0.0255  0.0255  0.0255  0.0255  0.0255
  0.0259  0.0256  0.0256  0.0259  0.0256  0.0251  0.0258  0.0260  0.0257  0.0256  0.0256  0.0256
  0.0272  0.0263  0.0261  0.0278  0.0269  0.0263  0.0268  0.0276  0.0263  0.0262  0.0261  0.0260
  0.0291  0.0273  0.0270  0.0307  0.0290  0.0291  0.0282  0.0298  0.0272  0.0275  0.0268  0.0268
niter,ni,del,rscale     2    3    5.0000    1.2000
parameters
   -0.2946   -5.3517    6.9784   -6.5961   -8.2912    1.0064
    1.1989   -0.6885    0.3650    7.3504   -0.9777   -6.7720
eta,q 0.97451  8.87328
  0.0292  0.0278  0.0269  0.0301  0.0282  0.0280  0.0282  0.0298  0.0272  0.0276  0.0268  0.0267
  0.0272  0.0265  0.0261  0.0284  0.0272  0.0272  0.0267  0.0276  0.0263  0.0266  0.0261  0.0260
  0.0259  0.0258  0.0256  0.0266  0.0262  0.0263  0.0258  0.0260  0.0257  0.0259  0.0256  0.0256
  0.0255  0.0255  0.0255  0.0255  0.0255  0.0255  0.0255  0.0255  0.0255  0.0255  0.0255  0.0255
  0.0259  0.0257  0.0256  0.0260  0.0256  0.0252  0.0258  0.0261  0.0257  0.0256  0.0256  0.0256
  0.0272  0.0263  0.0262  0.0278  0.0269  0.0263  0.0268  0.0276  0.0263  0.0263  0.0261  0.0260
  0.0292  0.0274  0.0270  0.0307  0.0289  0.0291  0.0282  0.0298  0.0272  0.0276  0.0268  0.0268
niter,ni,del,rscale     1    3    5.0000    1.2000
parameters
   -0.2894   -5.2741    6.9507   -6.5994   -8.4162    0.9613
    1.1853   -0.6826    0.3829    7.5417   -0.9918   -6.8353
eta,q 0.97449  8.86819
  0.0292  0.0277  0.0270  0.0301  0.0282  0.0280  0.0282  0.0298  0.0272  0.0276  0.0268  0.0267
  0.0272  0.0265  0.0261  0.0284  0.0272  0.0272  0.0268  0.0276  0.0263  0.0266  0.0261  0.0261
  0.0259  0.0258  0.0256  0.0266  0.0262  0.0264  0.0258  0.0260  0.0257  0.0259  0.0257  0.0257
  0.0255  0.0255  0.0255  0.0255  0.0255  0.0255  0.0255  0.0255  0.0255  0.0255  0.0255  0.0255
  0.0259  0.0257  0.0257  0.0260  0.0256  0.0252  0.0259  0.0261  0.0257  0.0256  0.0257  0.0256
  0.0272  0.0264  0.0262  0.0278  0.0268  0.0263  0.0268  0.0276  0.0263  0.0263  0.0261  0.0261
  0.0292  0.0274  0.0270  0.0307  0.0289  0.0291  0.0282  0.0298  0.0272  0.0276  0.0268  0.0268
registration optimization eta report
parameter search radius
    2.4000    2.4000    2.4000    8.2800    8.2800    7.2000
    7.2000    7.2000    7.2000    7.2000    7.2000    7.2000
100000*second partial in parameter space
       64.       36.       26.        7.        4.        6.
        5.        8.        3.        4.        3.        2.
  0.0292  0.0277  0.0270  0.0301  0.0282  0.0280  0.0282  0.0298  0.0272  0.0276  0.0268  0.0267
  0.0272  0.0265  0.0261  0.0284  0.0272  0.0272  0.0268  0.0276  0.0263  0.0266  0.0261  0.0261
  0.0259  0.0258  0.0256  0.0266  0.0262  0.0264  0.0258  0.0260  0.0257  0.0259  0.0257  0.0257
  0.0255  0.0255  0.0255  0.0255  0.0255  0.0255  0.0255  0.0255  0.0255  0.0255  0.0255  0.0255
  0.0259  0.0257  0.0257  0.0260  0.0256  0.0252  0.0259  0.0261  0.0257  0.0256  0.0257  0.0256
  0.0272  0.0264  0.0262  0.0278  0.0268  0.0263  0.0268  0.0276  0.0263  0.0263  0.0261  0.0261
  0.0292  0.0274  0.0270  0.0307  0.0289  0.0291  0.0282  0.0298  0.0272  0.0276  0.0268  0.0268
   -0.2894   -5.2741    6.9507   -6.5994   -8.4162    0.9613
    1.1853   -0.6826    0.3829    7.5417   -0.9918   -6.8353
eta,q 0.97449  8.86819

---------------------------------------------------------------------
imgreg_4dfp /usr/local/freesurfer/average/711-2C_as_mni_average_305 /usr/local/freesurfer/average/711-2B_as_mni_average_305_mask talsrcimg_g11 none talsrcimg_to_711-2C_as_mni_average_305_t4 2311
---------------------------------------------------------------------

freesurfer imgreg_4dfp.c
/usr/local/freesurfer/average/711-2C_as_mni_average_305.4dfp.img
       256       256       256         1
  1.000000  1.000000  1.000000
orientation T byte_order littleendian
Reading image: /usr/local/freesurfer/average/711-2C_as_mni_average_305.4dfp.img
dimensions:      256       256       256
mmppix:       1.0000   -1.0000   -1.0000
center:     128.0000 -129.0000 -129.0000
/usr/local/freesurfer/average/711-2B_as_mni_average_305_mask.4dfp.img
       256       256       256         1
  1.000000  1.000000  1.000000
orientation T byte_order littleendian
Reading mask: /usr/local/freesurfer/average/711-2B_as_mni_average_305_mask.4dfp.img (2306576 pixels)
talsrcimg_g11.4dfp.img
       256       256       256         1
  1.000000  1.000000  1.000000
orientation T byte_order littleendian
Reading image: talsrcimg_g11.4dfp.img
dimensions:      256       256       256
mmppix:       1.0000   -1.0000   -1.0000
center:     128.0000 -129.0000 -129.0000
fimgreg.f
image alignment mode   2311 decimal      907 hex
parameters
   -0.2894   -5.2741    6.9507   -6.5994   -8.4162    0.9613
    1.1853   -0.6826    0.3829    7.5417   -0.9918   -6.8353
eta,q 0.97449  8.86819
niter,ni,del,rscale     5    3    5.0000    0.8000
parameters
   -0.2927   -5.2219    6.9105   -6.0730   -7.8200    1.9015
    1.0377   -0.6929    0.2635    7.2973   -0.9810   -7.5727
eta,q 0.97483  8.93043
  0.0272  0.0265  0.0261  0.0280  0.0269  0.0271  0.0265  0.0276  0.0260  0.0262  0.0259  0.0256
  0.0263  0.0260  0.0258  0.0269  0.0264  0.0266  0.0257  0.0263  0.0256  0.0257  0.0255  0.0253
  0.0257  0.0256  0.0256  0.0260  0.0258  0.0260  0.0253  0.0255  0.0253  0.0253  0.0253  0.0252
  0.0255  0.0255  0.0255  0.0255  0.0255  0.0254  0.0252  0.0252  0.0252  0.0252  0.0252  0.0252
  0.0257  0.0256  0.0256  0.0256  0.0254  0.0251  0.0254  0.0255  0.0253  0.0253  0.0253  0.0253
  0.0263  0.0259  0.0258  0.0262  0.0258  0.0254  0.0259  0.0263  0.0256  0.0258  0.0255  0.0256
  0.0272  0.0264  0.0262  0.0272  0.0265  0.0265  0.0266  0.0276  0.0261  0.0265  0.0259  0.0260
niter,ni,del,rscale     4    3    5.0000    0.7000
parameters
   -0.3457   -5.3377    6.8852   -6.1735   -7.4863    2.2398
    1.0801   -0.7066    0.2615    7.0878   -0.9053   -7.7837
eta,q 0.97495  8.94896
  0.0265  0.0258  0.0258  0.0269  0.0263  0.0266  0.0262  0.0271  0.0258  0.0259  0.0257  0.0255
  0.0257  0.0254  0.0254  0.0260  0.0258  0.0261  0.0256  0.0260  0.0254  0.0254  0.0253  0.0252
  0.0253  0.0252  0.0252  0.0253  0.0254  0.0256  0.0252  0.0253  0.0252  0.0251  0.0251  0.0251
  0.0252  0.0252  0.0252  0.0252  0.0252  0.0251  0.0251  0.0251  0.0251  0.0251  0.0251  0.0251
  0.0254  0.0253  0.0252  0.0254  0.0252  0.0250  0.0252  0.0253  0.0251  0.0252  0.0251  0.0251
  0.0259  0.0256  0.0255  0.0261  0.0255  0.0255  0.0255  0.0260  0.0254  0.0255  0.0253  0.0253
  0.0267  0.0261  0.0258  0.0271  0.0261  0.0265  0.0261  0.0271  0.0258  0.0261  0.0256  0.0256
niter,ni,del,rscale     3    3    5.0000    0.6000
parameters
   -0.3634   -5.4048    6.9150   -6.2697   -7.2920    2.5455
    1.0644   -0.7312    0.2541    6.8637   -0.8379   -7.9033
eta,q 0.97501  8.96141
  0.0261  0.0256  0.0256  0.0264  0.0260  0.0263  0.0258  0.0265  0.0255  0.0256  0.0255  0.0254
  0.0255  0.0253  0.0253  0.0257  0.0256  0.0259  0.0254  0.0257  0.0252  0.0253  0.0252  0.0251
  0.0252  0.0251  0.0251  0.0252  0.0252  0.0254  0.0251  0.0252  0.0251  0.0250  0.0251  0.0250
  0.0251  0.0251  0.0251  0.0251  0.0250  0.0250  0.0250  0.0250  0.0250  0.0250  0.0250  0.0250
  0.0252  0.0251  0.0251  0.0253  0.0251  0.0250  0.0251  0.0252  0.0250  0.0251  0.0250  0.0251
  0.0256  0.0254  0.0253  0.0258  0.0254  0.0254  0.0254  0.0257  0.0252  0.0254  0.0252  0.0252
  0.0261  0.0257  0.0255  0.0265  0.0259  0.0262  0.0258  0.0266  0.0255  0.0258  0.0254  0.0254
niter,ni,del,rscale     2    3    5.0000    0.5000
parameters
   -0.3749   -5.4745    6.9627   -6.3549   -7.1320    2.8152
    1.0519   -0.7471    0.2586    6.6401   -0.7949   -8.0003
eta,q 0.97505  8.97142
  0.0257  0.0254  0.0254  0.0260  0.0257  0.0260  0.0255  0.0261  0.0253  0.0254  0.0253  0.0252
  0.0253  0.0251  0.0252  0.0254  0.0253  0.0256  0.0252  0.0254  0.0251  0.0251  0.0251  0.0251
  0.0251  0.0250  0.0250  0.0251  0.0251  0.0252  0.0250  0.0251  0.0250  0.0250  0.0250  0.0250
  0.0250  0.0250  0.0250  0.0250  0.0250  0.0250  0.0249  0.0249  0.0249  0.0249  0.0249  0.0249
  0.0251  0.0251  0.0250  0.0251  0.0250  0.0250  0.0250  0.0251  0.0250  0.0250  0.0250  0.0250
  0.0253  0.0252  0.0251  0.0255  0.0252  0.0252  0.0252  0.0255  0.0251  0.0252  0.0251  0.0251
  0.0258  0.0255  0.0253  0.0261  0.0256  0.0258  0.0255  0.0261  0.0253  0.0255  0.0253  0.0252
niter,ni,del,rscale     1    3    5.0000    0.4000
parameters
   -0.3815   -5.5397    7.0126   -6.4338   -7.0115    3.0400
    1.0403   -0.7533    0.2765    6.4511   -0.7622   -8.0715
eta,q 0.97508  8.97885
  0.0254  0.0252  0.0252  0.0256  0.0254  0.0257  0.0253  0.0257  0.0252  0.0252  0.0251  0.0251
  0.0252  0.0250  0.0251  0.0252  0.0252  0.0254  0.0251  0.0252  0.0250  0.0250  0.0250  0.0250
  0.0250  0.0250  0.0250  0.0250  0.0250  0.0251  0.0250  0.0250  0.0250  0.0249  0.0249  0.0249
  0.0249  0.0249  0.0249  0.0249  0.0249  0.0249  0.0249  0.0249  0.0249  0.0249  0.0249  0.0249
  0.0250  0.0250  0.0250  0.0250  0.0250  0.0249  0.0250  0.0250  0.0249  0.0250  0.0249  0.0249
  0.0252  0.0251  0.0250  0.0253  0.0251  0.0251  0.0251  0.0253  0.0250  0.0251  0.0250  0.0250
  0.0254  0.0253  0.0251  0.0257  0.0253  0.0255  0.0253  0.0257  0.0252  0.0253  0.0251  0.0251
registration optimization eta report
parameter search radius
    0.8000    0.8000    0.8000    2.4000    2.4000    2.4000
    2.4000    2.4000    2.4000    2.4000    2.4000    2.4000
100000*second partial in parameter space
       76.       45.       37.       12.        8.       11.
        6.       13.        4.        6.        4.        3.
  0.0254  0.0252  0.0252  0.0256  0.0254  0.0257  0.0253  0.0257  0.0252  0.0252  0.0251  0.0251
  0.0252  0.0250  0.0251  0.0252  0.0252  0.0254  0.0251  0.0252  0.0250  0.0250  0.0250  0.0250
  0.0250  0.0250  0.0250  0.0250  0.0250  0.0251  0.0250  0.0250  0.0250  0.0249  0.0249  0.0249
  0.0249  0.0249  0.0249  0.0249  0.0249  0.0249  0.0249  0.0249  0.0249  0.0249  0.0249  0.0249
  0.0250  0.0250  0.0250  0.0250  0.0250  0.0249  0.0250  0.0250  0.0249  0.0250  0.0249  0.0249
  0.0252  0.0251  0.0250  0.0253  0.0251  0.0251  0.0251  0.0253  0.0250  0.0251  0.0250  0.0250
  0.0254  0.0253  0.0251  0.0257  0.0253  0.0255  0.0253  0.0257  0.0252  0.0253  0.0251  0.0251
   -0.3815   -5.5397    7.0126   -6.4338   -7.0115    3.0400
    1.0403   -0.7533    0.2765    6.4511   -0.7622   -8.0715
eta,q 0.97508  8.97885

---------------------------------------------------------------------
imgreg_4dfp /usr/local/freesurfer/average/711-2C_as_mni_average_305 /usr/local/freesurfer/average/711-2B_as_mni_average_305_mask talsrcimg_g11 none talsrcimg_to_711-2C_as_mni_average_305_t4 2311
---------------------------------------------------------------------

freesurfer imgreg_4dfp.c
/usr/local/freesurfer/average/711-2C_as_mni_average_305.4dfp.img
       256       256       256         1
  1.000000  1.000000  1.000000
orientation T byte_order littleendian
Reading image: /usr/local/freesurfer/average/711-2C_as_mni_average_305.4dfp.img
dimensions:      256       256       256
mmppix:       1.0000   -1.0000   -1.0000
center:     128.0000 -129.0000 -129.0000
/usr/local/freesurfer/average/711-2B_as_mni_average_305_mask.4dfp.img
       256       256       256         1
  1.000000  1.000000  1.000000
orientation T byte_order littleendian
Reading mask: /usr/local/freesurfer/average/711-2B_as_mni_average_305_mask.4dfp.img (2306576 pixels)
talsrcimg_g11.4dfp.img
       256       256       256         1
  1.000000  1.000000  1.000000
orientation T byte_order littleendian
Reading image: talsrcimg_g11.4dfp.img
dimensions:      256       256       256
mmppix:       1.0000   -1.0000   -1.0000
center:     128.0000 -129.0000 -129.0000
fimgreg.f
image alignment mode   2311 decimal      907 hex
parameters
   -0.3815   -5.5397    7.0126   -6.4338   -7.0115    3.0400
    1.0403   -0.7533    0.2765    6.4511   -0.7622   -8.0715
eta,q 0.97508  8.97885
niter,ni,del,rscale     5    3    5.0000    0.8000
parameters
   -0.3791   -5.5916    7.0818   -6.5194   -7.2049    2.5516
    1.0944   -0.7590    0.2430    6.5996   -0.8732   -7.5471
eta,q 0.97502  8.95799
  0.0268  0.0259  0.0260  0.0272  0.0262  0.0266  0.0264  0.0276  0.0259  0.0263  0.0257  0.0258
  0.0258  0.0254  0.0254  0.0261  0.0256  0.0260  0.0257  0.0262  0.0254  0.0256  0.0253  0.0254
  0.0251  0.0250  0.0250  0.0252  0.0251  0.0253  0.0252  0.0253  0.0251  0.0252  0.0251  0.0251
  0.0249  0.0249  0.0249  0.0249  0.0249  0.0249  0.0250  0.0250  0.0250  0.0250  0.0250  0.0250
  0.0251  0.0251  0.0250  0.0253  0.0251  0.0252  0.0251  0.0253  0.0251  0.0251  0.0251  0.0250
  0.0258  0.0255  0.0253  0.0261  0.0257  0.0262  0.0256  0.0262  0.0254  0.0255  0.0254  0.0252
  0.0268  0.0261  0.0258  0.0274  0.0266  0.0280  0.0264  0.0276  0.0260  0.0262  0.0258  0.0255
niter,ni,del,rscale     4    3    5.0000    0.7000
parameters
   -0.3605   -5.5637    7.0340   -6.3748   -7.2021    2.5072
    1.0922   -0.7389    0.2455    6.5735   -0.8662   -7.5732
eta,q 0.97501  8.95958
  0.0265  0.0259  0.0256  0.0270  0.0261  0.0264  0.0261  0.0271  0.0257  0.0259  0.0256  0.0255
  0.0257  0.0254  0.0252  0.0260  0.0256  0.0259  0.0255  0.0259  0.0253  0.0254  0.0253  0.0252
  0.0252  0.0251  0.0250  0.0253  0.0252  0.0254  0.0251  0.0252  0.0251  0.0251  0.0251  0.0250
  0.0250  0.0250  0.0250  0.0250  0.0250  0.0250  0.0250  0.0250  0.0250  0.0250  0.0250  0.0250
  0.0252  0.0251  0.0251  0.0252  0.0251  0.0250  0.0251  0.0252  0.0251  0.0251  0.0251  0.0251
  0.0256  0.0253  0.0253  0.0258  0.0255  0.0256  0.0255  0.0259  0.0253  0.0254  0.0252  0.0252
  0.0264  0.0258  0.0257  0.0267  0.0262  0.0269  0.0261  0.0270  0.0257  0.0260  0.0256  0.0255
niter,ni,del,rscale     3    3    5.0000    0.6000
parameters
   -0.3665   -5.5655    7.0120   -6.3453   -7.1138    2.6780
    1.0705   -0.7389    0.2476    6.4865   -0.8264   -7.7205
eta,q 0.97504  8.96756
  0.0261  0.0256  0.0255  0.0265  0.0259  0.0262  0.0258  0.0265  0.0255  0.0257  0.0254  0.0253
  0.0255  0.0253  0.0252  0.0257  0.0255  0.0258  0.0253  0.0257  0.0252  0.0253  0.0252  0.0251
  0.0251  0.0251  0.0250  0.0252  0.0251  0.0253  0.0251  0.0251  0.0250  0.0250  0.0250  0.0250
  0.0250  0.0250  0.0250  0.0250  0.0250  0.0250  0.0250  0.0250  0.0250  0.0250  0.0250  0.0250
  0.0251  0.0251  0.0251  0.0252  0.0251  0.0250  0.0251  0.0251  0.0250  0.0251  0.0250  0.0250
  0.0255  0.0253  0.0252  0.0257  0.0254  0.0254  0.0253  0.0257  0.0252  0.0253  0.0252  0.0252
  0.0261  0.0256  0.0255  0.0264  0.0259  0.0262  0.0258  0.0265  0.0255  0.0257  0.0254  0.0254
niter,ni,del,rscale     2    3    5.0000    0.5000
parameters
   -0.3760   -5.5863    7.0202   -6.3915   -7.0120    2.8950
    1.0504   -0.7448    0.2612    6.3808   -0.7862   -7.8716
eta,q 0.97507  8.97547
  0.0257  0.0254  0.0253  0.0260  0.0256  0.0260  0.0255  0.0261  0.0253  0.0254  0.0253  0.0252
  0.0253  0.0251  0.0251  0.0254  0.0253  0.0256  0.0252  0.0254  0.0251  0.0252  0.0251  0.0250
  0.0250  0.0250  0.0250  0.0251  0.0251  0.0252  0.0250  0.0251  0.0250  0.0250  0.0250  0.0249
  0.0250  0.0250  0.0250  0.0250  0.0250  0.0250  0.0249  0.0249  0.0249  0.0249  0.0249  0.0249
  0.0251  0.0250  0.0250  0.0251  0.0250  0.0250  0.0250  0.0251  0.0250  0.0250  0.0250  0.0250
  0.0253  0.0252  0.0251  0.0255  0.0252  0.0252  0.0252  0.0254  0.0251  0.0252  0.0251  0.0251
  0.0257  0.0254  0.0253  0.0260  0.0256  0.0258  0.0255  0.0261  0.0253  0.0255  0.0253  0.0252
niter,ni,del,rscale     1    3    5.0000    0.4000
parameters
   -0.3841   -5.6112    7.0508   -6.4563   -6.9379    3.0930
    1.0291   -0.7550    0.2675    6.2842   -0.7458   -7.9691
eta,q 0.97509  8.98134
  0.0254  0.0252  0.0252  0.0256  0.0254  0.0257  0.0253  0.0256  0.0252  0.0252  0.0251  0.0251
  0.0251  0.0250  0.0250  0.0252  0.0251  0.0253  0.0251  0.0252  0.0250  0.0250  0.0250  0.0250
  0.0250  0.0249  0.0250  0.0250  0.0250  0.0251  0.0250  0.0250  0.0249  0.0249  0.0249  0.0249
  0.0249  0.0249  0.0249  0.0249  0.0249  0.0249  0.0249  0.0249  0.0249  0.0249  0.0249  0.0249
  0.0250  0.0250  0.0249  0.0250  0.0250  0.0249  0.0250  0.0250  0.0249  0.0250  0.0249  0.0249
  0.0252  0.0251  0.0250  0.0253  0.0251  0.0251  0.0251  0.0253  0.0250  0.0251  0.0250  0.0250
  0.0254  0.0252  0.0251  0.0257  0.0253  0.0255  0.0253  0.0257  0.0252  0.0253  0.0251  0.0251
registration optimization eta report
parameter search radius
    0.8000    0.8000    0.8000    2.4000    2.4000    2.4000
    2.4000    2.4000    2.4000    2.4000    2.4000    2.4000
100000*second partial in parameter space
       76.       44.       37.       12.        8.       11.
        7.       13.        4.        6.        4.        3.
  0.0254  0.0252  0.0252  0.0256  0.0254  0.0257  0.0253  0.0256  0.0252  0.0252  0.0251  0.0251
  0.0251  0.0250  0.0250  0.0252  0.0251  0.0253  0.0251  0.0252  0.0250  0.0250  0.0250  0.0250
  0.0250  0.0249  0.0250  0.0250  0.0250  0.0251  0.0250  0.0250  0.0249  0.0249  0.0249  0.0249
  0.0249  0.0249  0.0249  0.0249  0.0249  0.0249  0.0249  0.0249  0.0249  0.0249  0.0249  0.0249
  0.0250  0.0250  0.0249  0.0250  0.0250  0.0249  0.0250  0.0250  0.0249  0.0250  0.0249  0.0249
  0.0252  0.0251  0.0250  0.0253  0.0251  0.0251  0.0251  0.0253  0.0250  0.0251  0.0250  0.0250
  0.0254  0.0252  0.0251  0.0257  0.0253  0.0255  0.0253  0.0257  0.0252  0.0253  0.0251  0.0251
   -0.3841   -5.6112    7.0508   -6.4563   -6.9379    3.0930
    1.0291   -0.7550    0.2675    6.2842   -0.7458   -7.9691
eta,q 0.97509  8.98134

---------------------------------------------------------------------
compute_vox2vox talsrcimg talsrcimg_to_711-2C_as_mni_average_305_t4 /usr/local/freesurfer/average/711-2C_as_mni_average_305
---------------------------------------------------------------------

freesurfer compute_vox2vox.c
Reading: talsrcimg.4dfp.ifh
Reading: talsrcimg_to_711-2C_as_mni_average_305_t4
Reading: /usr/local/freesurfer/average/711-2C_as_mni_average_305.4dfp.ifh
Writing: talsrcimg_to_711-2C_as_mni_average_305_t4_vox2vox.txt

start time Fri Oct 4 10:49:50 UTC 2024
end		time Fri Oct 4 10:50:08 UTC 2024

mpr2mni305 success

avi2talxfm orig_nu.mgz /usr/local/freesurfer/average/mni305.cor.mgz talsrcimg_to_711-2C_as_mni_average_305_t4_vox2vox.txt transforms/talairach.auto.xfm
avi2talxfm done
lta_convert --src orig_nu.mgz --trg /usr/local/freesurfer/average/mni305.cor.mgz --inxfm transforms/talairach.auto.xfm --outlta transforms/talairach.auto.xfm.lta --subject fsaverage
7.1.0

--src: orig_nu.mgz src image (geometry).
--trg: /usr/local/freesurfer/average/mni305.cor.mgz trg image (geometry).
--inmni: transforms/talairach.auto.xfm input MNI/XFM transform.
--outlta: transforms/talairach.auto.xfm.lta output LTA.
--s: fsaverage subject name
 LTA read, type : 1
 1.06912   0.00851  -0.01109   0.84309;
 0.00746   0.96502   0.08255  -1.61670;
-0.00358  -0.06519   1.06901  -0.89436;
 0.00000   0.00000   0.00000   1.00000;
setting subject to fsaverage
Writing  LTA to file transforms/talairach.auto.xfm.lta...
lta_convert successful.
 
 
Started at Fri Oct 4 10:49:47 UTC 2024
Ended   at Fri Oct  4 10:50:08 UTC 2024
talairach_avi done
