/mnt/c/test/result/freesurfer/chris_t1_3/mri
/usr/local/freesurfer/bin/mri_nu_correct.mni
--i orig.mgz --o nu.mgz --uchar transforms/talairach.xfm --n 2 --ants-n4
nIters 2
mri_nu_correct.mni 7.1.0
Linux 4d012f885482 5.15.153.1-microsoft-standard-WSL2 #1 SMP Fri Mar 29 23:14:13 UTC 2024 x86_64 x86_64 x86_64 GNU/Linux
Fri Oct  4 13:27:49 UTC 2024
tmpdir is ./tmp.mri_nu_correct.mni.10274
cd /mnt/c/test/result/freesurfer/chris_t1_3/mri
AntsN4BiasFieldCorrectionFs -i orig.mgz -o ./tmp.mri_nu_correct.mni.10274/nu0.mgz
Using shrink factor: 4
mri_binarize --i ./tmp.mri_nu_correct.mni.10274/nu0.mgz --min -1 --o ./tmp.mri_nu_correct.mni.10274/ones.mgz

7.1.0
cwd /mnt/c/test/result/freesurfer/chris_t1_3/mri
cmdline mri_binarize --i ./tmp.mri_nu_correct.mni.10274/nu0.mgz --min -1 --o ./tmp.mri_nu_correct.mni.10274/ones.mgz 
sysname  Linux
hostname 4d012f885482
machine  x86_64
user     root

input      ./tmp.mri_nu_correct.mni.10274/nu0.mgz
frame      0
nErode3d   0
nErode2d   0
output     ./tmp.mri_nu_correct.mni.10274/ones.mgz
Binarizing based on threshold
min        -1
max        +infinity
binval        1
binvalnot     0
fstart = 0, fend = 0, nframes = 1
Found 16777216 values in range
Counting number of voxels in first frame
Found 16777215 voxels in final mask
Count: 16777215 16777215.000000 16777216 99.999994
mri_binarize done
mri_segstats --id 1 --seg ./tmp.mri_nu_correct.mni.10274/ones.mgz --i orig.mgz --sum ./tmp.mri_nu_correct.mni.10274/sum.junk --avgwf ./tmp.mri_nu_correct.mni.10274/input.mean.dat

7.1.0
cwd 
cmdline mri_segstats --id 1 --seg ./tmp.mri_nu_correct.mni.10274/ones.mgz --i orig.mgz --sum ./tmp.mri_nu_correct.mni.10274/sum.junk --avgwf ./tmp.mri_nu_correct.mni.10274/input.mean.dat 
sysname  Linux
hostname 4d012f885482
machine  x86_64
user     root
whitesurfname  white
UseRobust  0
Loading ./tmp.mri_nu_correct.mni.10274/ones.mgz
Loading orig.mgz
Voxel Volume is 1 mm^3
Generating list of segmentation ids
Found   1 segmentations
Computing statistics for each segmentation

Reporting on   1 segmentations
Using PrintSegStat
Computing spatial average of each frame
  0
Writing to ./tmp.mri_nu_correct.mni.10274/input.mean.dat
mri_segstats done
mri_segstats --id 1 --seg ./tmp.mri_nu_correct.mni.10274/ones.mgz --i ./tmp.mri_nu_correct.mni.10274/nu0.mgz --sum ./tmp.mri_nu_correct.mni.10274/sum.junk --avgwf ./tmp.mri_nu_correct.mni.10274/output.mean.dat

7.1.0
cwd 
cmdline mri_segstats --id 1 --seg ./tmp.mri_nu_correct.mni.10274/ones.mgz --i ./tmp.mri_nu_correct.mni.10274/nu0.mgz --sum ./tmp.mri_nu_correct.mni.10274/sum.junk --avgwf ./tmp.mri_nu_correct.mni.10274/output.mean.dat 
sysname  Linux
hostname 4d012f885482
machine  x86_64
user     root
whitesurfname  white
UseRobust  0
Loading ./tmp.mri_nu_correct.mni.10274/ones.mgz
Loading ./tmp.mri_nu_correct.mni.10274/nu0.mgz
Voxel Volume is 1 mm^3
Generating list of segmentation ids
Found   1 segmentations
Computing statistics for each segmentation

Reporting on   1 segmentations
Using PrintSegStat
Computing spatial average of each frame
  0
Writing to ./tmp.mri_nu_correct.mni.10274/output.mean.dat
mri_segstats done
mris_calc -o ./tmp.mri_nu_correct.mni.10274/nu0.mgz ./tmp.mri_nu_correct.mni.10274/nu0.mgz mul .92893856450205844425
mri_convert ./tmp.mri_nu_correct.mni.10274/nu0.mgz nu.mgz --like orig.mgz
mri_convert ./tmp.mri_nu_correct.mni.10274/nu0.mgz nu.mgz --like orig.mgz 
reading from ./tmp.mri_nu_correct.mni.10274/nu0.mgz...
TR=0.00, TE=0.00, TI=0.00, flip angle=0.00
i_ras = (-1, 0, 0)
j_ras = (0, 0, -1)
k_ras = (0, 1, 0)
INFO: transform src into the like-volume: orig.mgz
writing to nu.mgz...
mri_make_uchar nu.mgz transforms/talairach.xfm nu.mgz
type change took 0 minutes and 4 seconds.
mapping (10, 132) to ( 3, 110)
 
 
Fri Oct  4 13:30:33 UTC 2024
mri_nu_correct.mni done
